mode: set
github.com/Ulbora/GoAuth2/oauthclient/mockOauthClient.go:41.69,49.25 8 1
github.com/Ulbora/GoAuth2/oauthclient/mockOauthClient.go:52.2,57.23 6 1
github.com/Ulbora/GoAuth2/oauthclient/mockOauthClient.go:66.2,66.12 1 1
github.com/Ulbora/GoAuth2/oauthclient/mockOauthClient.go:49.25,51.3 1 1
github.com/Ulbora/GoAuth2/oauthclient/mockOauthClient.go:57.23,60.27 3 1
github.com/Ulbora/GoAuth2/oauthclient/mockOauthClient.go:60.27,63.4 2 1
github.com/Ulbora/GoAuth2/oauthclient/mockOauthClient.go:70.49,74.2 3 1
github.com/Ulbora/GoAuth2/oauthclient/oauthClient.go:39.65,47.25 8 1
github.com/Ulbora/GoAuth2/oauthclient/oauthClient.go:50.2,55.23 6 1
github.com/Ulbora/GoAuth2/oauthclient/oauthClient.go:72.2,72.12 1 1
github.com/Ulbora/GoAuth2/oauthclient/oauthClient.go:47.25,49.3 1 1
github.com/Ulbora/GoAuth2/oauthclient/oauthClient.go:55.23,58.27 3 1
github.com/Ulbora/GoAuth2/oauthclient/oauthClient.go:58.27,70.4 11 1
github.com/Ulbora/GoAuth2/oauthclient/oauthClient.go:76.45,80.2 3 1
