mode: set
github.com/Ulbora/GoAuth2/handlers/alowedUriRestHandlers.go:33.87,43.10 8 1
github.com/Ulbora/GoAuth2/handlers/alowedUriRestHandlers.go:43.10,48.20 4 1
github.com/Ulbora/GoAuth2/handlers/alowedUriRestHandlers.go:48.20,50.4 1 1
github.com/Ulbora/GoAuth2/handlers/alowedUriRestHandlers.go:50.9,56.28 6 1
github.com/Ulbora/GoAuth2/handlers/alowedUriRestHandlers.go:56.28,58.5 1 1
github.com/Ulbora/GoAuth2/handlers/alowedUriRestHandlers.go:58.10,63.29 5 1
github.com/Ulbora/GoAuth2/handlers/alowedUriRestHandlers.go:70.5,71.35 2 1
github.com/Ulbora/GoAuth2/handlers/alowedUriRestHandlers.go:63.29,67.6 3 1
github.com/Ulbora/GoAuth2/handlers/alowedUriRestHandlers.go:67.11,69.6 1 1
github.com/Ulbora/GoAuth2/handlers/alowedUriRestHandlers.go:74.8,79.3 4 1
github.com/Ulbora/GoAuth2/handlers/alowedUriRestHandlers.go:83.82,89.25 6 1
github.com/Ulbora/GoAuth2/handlers/alowedUriRestHandlers.go:89.25,99.12 4 1
github.com/Ulbora/GoAuth2/handlers/alowedUriRestHandlers.go:104.3,111.11 5 1
github.com/Ulbora/GoAuth2/handlers/alowedUriRestHandlers.go:99.12,101.4 1 1
github.com/Ulbora/GoAuth2/handlers/alowedUriRestHandlers.go:101.9,103.4 1 1
github.com/Ulbora/GoAuth2/handlers/alowedUriRestHandlers.go:111.11,116.20 4 1
github.com/Ulbora/GoAuth2/handlers/alowedUriRestHandlers.go:116.20,118.5 1 1
github.com/Ulbora/GoAuth2/handlers/alowedUriRestHandlers.go:118.10,123.27 5 1
github.com/Ulbora/GoAuth2/handlers/alowedUriRestHandlers.go:130.5,131.35 2 1
github.com/Ulbora/GoAuth2/handlers/alowedUriRestHandlers.go:123.27,127.6 3 1
github.com/Ulbora/GoAuth2/handlers/alowedUriRestHandlers.go:127.11,129.6 1 1
github.com/Ulbora/GoAuth2/handlers/alowedUriRestHandlers.go:133.9,138.4 4 1
github.com/Ulbora/GoAuth2/handlers/alowedUriRestHandlers.go:139.8,141.3 1 1
github.com/Ulbora/GoAuth2/handlers/alowedUriRestHandlers.go:145.90,155.10 8 1
github.com/Ulbora/GoAuth2/handlers/alowedUriRestHandlers.go:155.10,160.21 4 1
github.com/Ulbora/GoAuth2/handlers/alowedUriRestHandlers.go:160.21,162.4 1 1
github.com/Ulbora/GoAuth2/handlers/alowedUriRestHandlers.go:162.9,168.30 6 1
github.com/Ulbora/GoAuth2/handlers/alowedUriRestHandlers.go:168.30,170.5 1 1
github.com/Ulbora/GoAuth2/handlers/alowedUriRestHandlers.go:170.10,174.16 4 1
github.com/Ulbora/GoAuth2/handlers/alowedUriRestHandlers.go:180.5,181.35 2 1
github.com/Ulbora/GoAuth2/handlers/alowedUriRestHandlers.go:174.16,177.6 2 1
github.com/Ulbora/GoAuth2/handlers/alowedUriRestHandlers.go:177.11,179.6 1 1
github.com/Ulbora/GoAuth2/handlers/alowedUriRestHandlers.go:184.8,189.3 4 1
github.com/Ulbora/GoAuth2/handlers/alowedUriRestHandlers.go:193.85,199.28 6 1
github.com/Ulbora/GoAuth2/handlers/alowedUriRestHandlers.go:199.28,209.12 4 1
github.com/Ulbora/GoAuth2/handlers/alowedUriRestHandlers.go:214.3,221.11 5 1
github.com/Ulbora/GoAuth2/handlers/alowedUriRestHandlers.go:209.12,211.4 1 1
github.com/Ulbora/GoAuth2/handlers/alowedUriRestHandlers.go:211.9,213.4 1 1
github.com/Ulbora/GoAuth2/handlers/alowedUriRestHandlers.go:221.11,226.21 4 1
github.com/Ulbora/GoAuth2/handlers/alowedUriRestHandlers.go:226.21,228.5 1 1
github.com/Ulbora/GoAuth2/handlers/alowedUriRestHandlers.go:228.10,232.14 4 1
github.com/Ulbora/GoAuth2/handlers/alowedUriRestHandlers.go:238.5,239.35 2 1
github.com/Ulbora/GoAuth2/handlers/alowedUriRestHandlers.go:232.14,235.6 2 1
github.com/Ulbora/GoAuth2/handlers/alowedUriRestHandlers.go:235.11,237.6 1 1
github.com/Ulbora/GoAuth2/handlers/alowedUriRestHandlers.go:241.9,246.4 4 1
github.com/Ulbora/GoAuth2/handlers/alowedUriRestHandlers.go:247.8,249.3 1 1
github.com/Ulbora/GoAuth2/handlers/oauthHandlers.go:44.60,48.2 3 1
github.com/Ulbora/GoAuth2/handlers/oauthHandlers.go:51.63,54.33 3 1
github.com/Ulbora/GoAuth2/handlers/oauthHandlers.go:58.2,58.12 1 1
github.com/Ulbora/GoAuth2/handlers/oauthHandlers.go:54.33,57.3 1 1
github.com/Ulbora/GoAuth2/handlers/oauthHandlers.go:62.66,64.2 1 1
github.com/Ulbora/GoAuth2/handlers/oauthHandlers.go:67.88,71.19 3 1
github.com/Ulbora/GoAuth2/handlers/oauthHandlers.go:85.2,85.17 1 1
github.com/Ulbora/GoAuth2/handlers/oauthHandlers.go:71.19,76.17 3 1
github.com/Ulbora/GoAuth2/handlers/oauthHandlers.go:76.17,78.4 1 1
github.com/Ulbora/GoAuth2/handlers/oauthHandlers.go:78.9,80.4 1 1
github.com/Ulbora/GoAuth2/handlers/oauthHandlers.go:81.8,83.3 1 1
