mode: set
github.com/Ulbora/GoAuth2/handlers/grantTypeRestHandlers.go:35.81,41.25 6 1
github.com/Ulbora/GoAuth2/handlers/grantTypeRestHandlers.go:41.25,56.11 8 1
github.com/Ulbora/GoAuth2/handlers/grantTypeRestHandlers.go:56.11,61.20 4 1
github.com/Ulbora/GoAuth2/handlers/grantTypeRestHandlers.go:61.20,63.5 1 1
github.com/Ulbora/GoAuth2/handlers/grantTypeRestHandlers.go:63.10,68.28 5 1
github.com/Ulbora/GoAuth2/handlers/grantTypeRestHandlers.go:75.5,76.35 2 1
github.com/Ulbora/GoAuth2/handlers/grantTypeRestHandlers.go:68.28,72.6 3 1
github.com/Ulbora/GoAuth2/handlers/grantTypeRestHandlers.go:72.11,74.6 1 1
github.com/Ulbora/GoAuth2/handlers/grantTypeRestHandlers.go:78.9,83.4 4 1
github.com/Ulbora/GoAuth2/handlers/grantTypeRestHandlers.go:84.8,86.3 1 1
github.com/Ulbora/GoAuth2/handlers/grantTypeRestHandlers.go:90.85,99.10 7 1
github.com/Ulbora/GoAuth2/handlers/grantTypeRestHandlers.go:99.10,104.42 4 1
github.com/Ulbora/GoAuth2/handlers/grantTypeRestHandlers.go:104.42,108.40 4 1
github.com/Ulbora/GoAuth2/handlers/grantTypeRestHandlers.go:108.40,115.5 6 1
github.com/Ulbora/GoAuth2/handlers/grantTypeRestHandlers.go:115.10,117.5 1 1
github.com/Ulbora/GoAuth2/handlers/grantTypeRestHandlers.go:118.9,120.4 1 1
github.com/Ulbora/GoAuth2/handlers/grantTypeRestHandlers.go:121.8,123.3 1 1
github.com/Ulbora/GoAuth2/handlers/grantTypeRestHandlers.go:127.84,136.10 7 1
github.com/Ulbora/GoAuth2/handlers/grantTypeRestHandlers.go:136.10,141.42 4 1
github.com/Ulbora/GoAuth2/handlers/grantTypeRestHandlers.go:141.42,146.31 5 1
github.com/Ulbora/GoAuth2/handlers/grantTypeRestHandlers.go:146.31,150.15 4 1
github.com/Ulbora/GoAuth2/handlers/grantTypeRestHandlers.go:156.5,157.35 2 1
github.com/Ulbora/GoAuth2/handlers/grantTypeRestHandlers.go:150.15,153.6 2 1
github.com/Ulbora/GoAuth2/handlers/grantTypeRestHandlers.go:153.11,155.6 1 1
github.com/Ulbora/GoAuth2/handlers/grantTypeRestHandlers.go:158.10,160.5 1 1
github.com/Ulbora/GoAuth2/handlers/grantTypeRestHandlers.go:161.9,163.4 1 1
github.com/Ulbora/GoAuth2/handlers/grantTypeRestHandlers.go:164.8,166.3 1 1
github.com/Ulbora/GoAuth2/handlers/oauthHandlers.go:44.60,48.2 3 1
github.com/Ulbora/GoAuth2/handlers/oauthHandlers.go:51.63,54.33 3 1
github.com/Ulbora/GoAuth2/handlers/oauthHandlers.go:58.2,58.12 1 1
github.com/Ulbora/GoAuth2/handlers/oauthHandlers.go:54.33,57.3 1 1
github.com/Ulbora/GoAuth2/handlers/oauthHandlers.go:62.66,64.2 1 1
github.com/Ulbora/GoAuth2/handlers/oauthHandlers.go:67.88,71.19 3 1
github.com/Ulbora/GoAuth2/handlers/oauthHandlers.go:85.2,85.17 1 1
github.com/Ulbora/GoAuth2/handlers/oauthHandlers.go:71.19,76.17 3 1
github.com/Ulbora/GoAuth2/handlers/oauthHandlers.go:76.17,78.4 1 1
github.com/Ulbora/GoAuth2/handlers/oauthHandlers.go:78.9,80.4 1 1
github.com/Ulbora/GoAuth2/handlers/oauthHandlers.go:81.8,83.3 1 1
github.com/Ulbora/GoAuth2/handlers/redirectUriRestHandlers.go:35.83,41.27 6 1
github.com/Ulbora/GoAuth2/handlers/redirectUriRestHandlers.go:41.27,55.11 8 1
github.com/Ulbora/GoAuth2/handlers/redirectUriRestHandlers.go:55.11,60.20 4 1
github.com/Ulbora/GoAuth2/handlers/redirectUriRestHandlers.go:60.20,62.5 1 1
github.com/Ulbora/GoAuth2/handlers/redirectUriRestHandlers.go:62.10,67.27 5 1
github.com/Ulbora/GoAuth2/handlers/redirectUriRestHandlers.go:74.5,75.35 2 1
github.com/Ulbora/GoAuth2/handlers/redirectUriRestHandlers.go:67.27,71.6 3 1
github.com/Ulbora/GoAuth2/handlers/redirectUriRestHandlers.go:71.11,73.6 1 1
github.com/Ulbora/GoAuth2/handlers/redirectUriRestHandlers.go:77.9,82.4 4 1
github.com/Ulbora/GoAuth2/handlers/redirectUriRestHandlers.go:83.8,85.3 1 1
github.com/Ulbora/GoAuth2/handlers/redirectUriRestHandlers.go:89.87,98.10 7 1
github.com/Ulbora/GoAuth2/handlers/redirectUriRestHandlers.go:98.10,103.42 4 1
github.com/Ulbora/GoAuth2/handlers/redirectUriRestHandlers.go:103.42,107.40 4 1
github.com/Ulbora/GoAuth2/handlers/redirectUriRestHandlers.go:107.40,114.5 6 1
github.com/Ulbora/GoAuth2/handlers/redirectUriRestHandlers.go:114.10,116.5 1 1
github.com/Ulbora/GoAuth2/handlers/redirectUriRestHandlers.go:117.9,119.4 1 1
github.com/Ulbora/GoAuth2/handlers/redirectUriRestHandlers.go:120.8,122.3 1 1
github.com/Ulbora/GoAuth2/handlers/redirectUriRestHandlers.go:126.86,135.10 7 1
github.com/Ulbora/GoAuth2/handlers/redirectUriRestHandlers.go:135.10,140.42 4 1
github.com/Ulbora/GoAuth2/handlers/redirectUriRestHandlers.go:140.42,145.31 5 1
github.com/Ulbora/GoAuth2/handlers/redirectUriRestHandlers.go:145.31,149.15 4 1
github.com/Ulbora/GoAuth2/handlers/redirectUriRestHandlers.go:155.5,156.35 2 1
github.com/Ulbora/GoAuth2/handlers/redirectUriRestHandlers.go:149.15,152.6 2 1
github.com/Ulbora/GoAuth2/handlers/redirectUriRestHandlers.go:152.11,154.6 1 1
github.com/Ulbora/GoAuth2/handlers/redirectUriRestHandlers.go:157.10,159.5 1 1
github.com/Ulbora/GoAuth2/handlers/redirectUriRestHandlers.go:160.9,162.4 1 1
github.com/Ulbora/GoAuth2/handlers/redirectUriRestHandlers.go:163.8,165.3 1 1
github.com/Ulbora/GoAuth2/handlers/roleRestHandlers.go:35.81,45.10 8 1
github.com/Ulbora/GoAuth2/handlers/roleRestHandlers.go:45.10,49.17 4 1
github.com/Ulbora/GoAuth2/handlers/roleRestHandlers.go:49.17,51.4 1 1
github.com/Ulbora/GoAuth2/handlers/roleRestHandlers.go:51.9,57.32 6 1
github.com/Ulbora/GoAuth2/handlers/roleRestHandlers.go:57.32,59.5 1 1
github.com/Ulbora/GoAuth2/handlers/roleRestHandlers.go:59.10,64.31 5 1
github.com/Ulbora/GoAuth2/handlers/roleRestHandlers.go:71.5,72.35 2 1
github.com/Ulbora/GoAuth2/handlers/roleRestHandlers.go:64.31,68.6 3 1
github.com/Ulbora/GoAuth2/handlers/roleRestHandlers.go:68.11,70.6 1 1
github.com/Ulbora/GoAuth2/handlers/roleRestHandlers.go:75.8,80.3 4 1
github.com/Ulbora/GoAuth2/handlers/roleRestHandlers.go:84.76,90.29 6 1
github.com/Ulbora/GoAuth2/handlers/roleRestHandlers.go:90.29,100.15 4 1
github.com/Ulbora/GoAuth2/handlers/roleRestHandlers.go:105.3,112.11 5 1
github.com/Ulbora/GoAuth2/handlers/roleRestHandlers.go:100.15,102.4 1 1
github.com/Ulbora/GoAuth2/handlers/roleRestHandlers.go:102.9,104.4 1 1
github.com/Ulbora/GoAuth2/handlers/roleRestHandlers.go:112.11,117.18 4 1
github.com/Ulbora/GoAuth2/handlers/roleRestHandlers.go:117.18,119.5 1 1
github.com/Ulbora/GoAuth2/handlers/roleRestHandlers.go:119.10,124.29 5 1
github.com/Ulbora/GoAuth2/handlers/roleRestHandlers.go:131.5,132.35 2 1
github.com/Ulbora/GoAuth2/handlers/roleRestHandlers.go:124.29,128.6 3 1
github.com/Ulbora/GoAuth2/handlers/roleRestHandlers.go:128.11,130.6 1 1
github.com/Ulbora/GoAuth2/handlers/roleRestHandlers.go:134.9,139.4 4 1
github.com/Ulbora/GoAuth2/handlers/roleRestHandlers.go:140.8,142.3 1 1
github.com/Ulbora/GoAuth2/handlers/roleRestHandlers.go:146.80,155.10 7 1
github.com/Ulbora/GoAuth2/handlers/roleRestHandlers.go:155.10,160.42 4 1
github.com/Ulbora/GoAuth2/handlers/roleRestHandlers.go:160.42,164.40 4 1
github.com/Ulbora/GoAuth2/handlers/roleRestHandlers.go:164.40,171.5 6 1
github.com/Ulbora/GoAuth2/handlers/roleRestHandlers.go:171.10,173.5 1 1
github.com/Ulbora/GoAuth2/handlers/roleRestHandlers.go:174.9,176.4 1 1
github.com/Ulbora/GoAuth2/handlers/roleRestHandlers.go:177.8,179.3 1 1
github.com/Ulbora/GoAuth2/handlers/roleRestHandlers.go:183.79,192.10 7 1
github.com/Ulbora/GoAuth2/handlers/roleRestHandlers.go:192.10,197.42 4 1
github.com/Ulbora/GoAuth2/handlers/roleRestHandlers.go:197.42,202.34 5 1
github.com/Ulbora/GoAuth2/handlers/roleRestHandlers.go:202.34,206.15 4 1
github.com/Ulbora/GoAuth2/handlers/roleRestHandlers.go:212.5,213.35 2 1
github.com/Ulbora/GoAuth2/handlers/roleRestHandlers.go:206.15,209.6 2 1
github.com/Ulbora/GoAuth2/handlers/roleRestHandlers.go:209.11,211.6 1 1
github.com/Ulbora/GoAuth2/handlers/roleRestHandlers.go:214.10,216.5 1 1
github.com/Ulbora/GoAuth2/handlers/roleRestHandlers.go:217.9,219.4 1 1
github.com/Ulbora/GoAuth2/handlers/roleRestHandlers.go:220.8,222.3 1 1
github.com/Ulbora/GoAuth2/handlers/roleUriRestHandlers.go:35.79,41.28 6 1
github.com/Ulbora/GoAuth2/handlers/roleUriRestHandlers.go:41.28,56.11 8 1
github.com/Ulbora/GoAuth2/handlers/roleUriRestHandlers.go:56.11,61.18 4 1
github.com/Ulbora/GoAuth2/handlers/roleUriRestHandlers.go:61.18,63.5 1 1
github.com/Ulbora/GoAuth2/handlers/roleUriRestHandlers.go:63.10,68.17 4 1
github.com/Ulbora/GoAuth2/handlers/roleUriRestHandlers.go:75.5,76.35 2 1
github.com/Ulbora/GoAuth2/handlers/roleUriRestHandlers.go:68.17,72.6 2 1
github.com/Ulbora/GoAuth2/handlers/roleUriRestHandlers.go:72.11,74.6 1 1
github.com/Ulbora/GoAuth2/handlers/roleUriRestHandlers.go:78.9,83.4 4 1
github.com/Ulbora/GoAuth2/handlers/roleUriRestHandlers.go:84.8,86.3 1 1
github.com/Ulbora/GoAuth2/handlers/roleUriRestHandlers.go:90.83,99.10 7 1
github.com/Ulbora/GoAuth2/handlers/roleUriRestHandlers.go:99.10,104.44 4 1
github.com/Ulbora/GoAuth2/handlers/roleUriRestHandlers.go:104.44,108.41 4 1
github.com/Ulbora/GoAuth2/handlers/roleUriRestHandlers.go:108.41,115.5 6 1
github.com/Ulbora/GoAuth2/handlers/roleUriRestHandlers.go:115.10,117.5 1 1
github.com/Ulbora/GoAuth2/handlers/roleUriRestHandlers.go:118.9,120.4 1 1
github.com/Ulbora/GoAuth2/handlers/roleUriRestHandlers.go:121.8,123.3 1 1
github.com/Ulbora/GoAuth2/handlers/roleUriRestHandlers.go:127.82,136.10 7 1
github.com/Ulbora/GoAuth2/handlers/roleUriRestHandlers.go:136.10,141.44 4 1
github.com/Ulbora/GoAuth2/handlers/roleUriRestHandlers.go:141.44,152.68 8 1
github.com/Ulbora/GoAuth2/handlers/roleUriRestHandlers.go:152.68,159.17 7 1
github.com/Ulbora/GoAuth2/handlers/roleUriRestHandlers.go:165.5,166.35 2 1
github.com/Ulbora/GoAuth2/handlers/roleUriRestHandlers.go:159.17,162.6 2 1
github.com/Ulbora/GoAuth2/handlers/roleUriRestHandlers.go:162.11,164.6 1 1
github.com/Ulbora/GoAuth2/handlers/roleUriRestHandlers.go:167.10,169.5 1 1
github.com/Ulbora/GoAuth2/handlers/roleUriRestHandlers.go:170.9,172.4 1 1
github.com/Ulbora/GoAuth2/handlers/roleUriRestHandlers.go:173.8,175.3 1 1
github.com/Ulbora/GoAuth2/handlers/alowedUriRestHandlers.go:35.87,45.10 8 1
github.com/Ulbora/GoAuth2/handlers/alowedUriRestHandlers.go:45.10,49.20 4 1
github.com/Ulbora/GoAuth2/handlers/alowedUriRestHandlers.go:49.20,51.4 1 1
github.com/Ulbora/GoAuth2/handlers/alowedUriRestHandlers.go:51.9,57.28 6 1
github.com/Ulbora/GoAuth2/handlers/alowedUriRestHandlers.go:57.28,59.5 1 1
github.com/Ulbora/GoAuth2/handlers/alowedUriRestHandlers.go:59.10,64.29 5 1
github.com/Ulbora/GoAuth2/handlers/alowedUriRestHandlers.go:71.5,72.35 2 1
github.com/Ulbora/GoAuth2/handlers/alowedUriRestHandlers.go:64.29,68.6 3 1
github.com/Ulbora/GoAuth2/handlers/alowedUriRestHandlers.go:68.11,70.6 1 1
github.com/Ulbora/GoAuth2/handlers/alowedUriRestHandlers.go:75.8,80.3 4 1
github.com/Ulbora/GoAuth2/handlers/alowedUriRestHandlers.go:84.82,90.25 6 1
github.com/Ulbora/GoAuth2/handlers/alowedUriRestHandlers.go:90.25,100.12 4 1
github.com/Ulbora/GoAuth2/handlers/alowedUriRestHandlers.go:105.3,112.11 5 1
github.com/Ulbora/GoAuth2/handlers/alowedUriRestHandlers.go:100.12,102.4 1 1
github.com/Ulbora/GoAuth2/handlers/alowedUriRestHandlers.go:102.9,104.4 1 1
github.com/Ulbora/GoAuth2/handlers/alowedUriRestHandlers.go:112.11,117.20 4 1
github.com/Ulbora/GoAuth2/handlers/alowedUriRestHandlers.go:117.20,119.5 1 1
github.com/Ulbora/GoAuth2/handlers/alowedUriRestHandlers.go:119.10,124.27 5 1
github.com/Ulbora/GoAuth2/handlers/alowedUriRestHandlers.go:131.5,132.35 2 1
github.com/Ulbora/GoAuth2/handlers/alowedUriRestHandlers.go:124.27,128.6 3 1
github.com/Ulbora/GoAuth2/handlers/alowedUriRestHandlers.go:128.11,130.6 1 1
github.com/Ulbora/GoAuth2/handlers/alowedUriRestHandlers.go:134.9,139.4 4 1
github.com/Ulbora/GoAuth2/handlers/alowedUriRestHandlers.go:140.8,142.3 1 1
github.com/Ulbora/GoAuth2/handlers/alowedUriRestHandlers.go:146.90,156.10 8 1
github.com/Ulbora/GoAuth2/handlers/alowedUriRestHandlers.go:156.10,161.21 4 1
github.com/Ulbora/GoAuth2/handlers/alowedUriRestHandlers.go:161.21,163.4 1 1
github.com/Ulbora/GoAuth2/handlers/alowedUriRestHandlers.go:163.9,169.30 6 1
github.com/Ulbora/GoAuth2/handlers/alowedUriRestHandlers.go:169.30,171.5 1 1
github.com/Ulbora/GoAuth2/handlers/alowedUriRestHandlers.go:171.10,175.16 4 1
github.com/Ulbora/GoAuth2/handlers/alowedUriRestHandlers.go:181.5,182.35 2 1
github.com/Ulbora/GoAuth2/handlers/alowedUriRestHandlers.go:175.16,178.6 2 1
github.com/Ulbora/GoAuth2/handlers/alowedUriRestHandlers.go:178.11,180.6 1 1
github.com/Ulbora/GoAuth2/handlers/alowedUriRestHandlers.go:185.8,190.3 4 1
github.com/Ulbora/GoAuth2/handlers/alowedUriRestHandlers.go:194.85,200.28 6 1
github.com/Ulbora/GoAuth2/handlers/alowedUriRestHandlers.go:200.28,210.12 4 1
github.com/Ulbora/GoAuth2/handlers/alowedUriRestHandlers.go:215.3,222.11 5 1
github.com/Ulbora/GoAuth2/handlers/alowedUriRestHandlers.go:210.12,212.4 1 1
github.com/Ulbora/GoAuth2/handlers/alowedUriRestHandlers.go:212.9,214.4 1 1
github.com/Ulbora/GoAuth2/handlers/alowedUriRestHandlers.go:222.11,227.21 4 1
github.com/Ulbora/GoAuth2/handlers/alowedUriRestHandlers.go:227.21,229.5 1 1
github.com/Ulbora/GoAuth2/handlers/alowedUriRestHandlers.go:229.10,233.14 4 1
github.com/Ulbora/GoAuth2/handlers/alowedUriRestHandlers.go:239.5,240.35 2 1
github.com/Ulbora/GoAuth2/handlers/alowedUriRestHandlers.go:233.14,236.6 2 1
github.com/Ulbora/GoAuth2/handlers/alowedUriRestHandlers.go:236.11,238.6 1 1
github.com/Ulbora/GoAuth2/handlers/alowedUriRestHandlers.go:242.9,247.4 4 1
github.com/Ulbora/GoAuth2/handlers/alowedUriRestHandlers.go:248.8,250.3 1 1
github.com/Ulbora/GoAuth2/handlers/alowedUriRestHandlers.go:254.82,263.10 7 1
github.com/Ulbora/GoAuth2/handlers/alowedUriRestHandlers.go:263.10,268.36 4 1
github.com/Ulbora/GoAuth2/handlers/alowedUriRestHandlers.go:268.36,272.31 4 1
github.com/Ulbora/GoAuth2/handlers/alowedUriRestHandlers.go:272.31,279.5 6 1
github.com/Ulbora/GoAuth2/handlers/alowedUriRestHandlers.go:279.10,281.5 1 1
github.com/Ulbora/GoAuth2/handlers/alowedUriRestHandlers.go:282.9,284.4 1 1
github.com/Ulbora/GoAuth2/handlers/alowedUriRestHandlers.go:285.8,287.3 1 1
github.com/Ulbora/GoAuth2/handlers/alowedUriRestHandlers.go:291.86,300.10 7 1
github.com/Ulbora/GoAuth2/handlers/alowedUriRestHandlers.go:300.10,305.36 4 1
github.com/Ulbora/GoAuth2/handlers/alowedUriRestHandlers.go:305.36,309.37 4 1
github.com/Ulbora/GoAuth2/handlers/alowedUriRestHandlers.go:309.37,316.5 6 1
github.com/Ulbora/GoAuth2/handlers/alowedUriRestHandlers.go:316.10,318.5 1 1
github.com/Ulbora/GoAuth2/handlers/alowedUriRestHandlers.go:319.9,321.4 1 1
github.com/Ulbora/GoAuth2/handlers/alowedUriRestHandlers.go:322.8,324.3 1 1
github.com/Ulbora/GoAuth2/handlers/alowedUriRestHandlers.go:328.85,337.10 7 1
github.com/Ulbora/GoAuth2/handlers/alowedUriRestHandlers.go:337.10,342.36 4 1
github.com/Ulbora/GoAuth2/handlers/alowedUriRestHandlers.go:342.36,347.31 5 1
github.com/Ulbora/GoAuth2/handlers/alowedUriRestHandlers.go:347.31,351.15 4 1
github.com/Ulbora/GoAuth2/handlers/alowedUriRestHandlers.go:357.5,358.35 2 1
github.com/Ulbora/GoAuth2/handlers/alowedUriRestHandlers.go:351.15,354.6 2 1
github.com/Ulbora/GoAuth2/handlers/alowedUriRestHandlers.go:354.11,356.6 1 1
github.com/Ulbora/GoAuth2/handlers/alowedUriRestHandlers.go:359.10,361.5 1 1
github.com/Ulbora/GoAuth2/handlers/alowedUriRestHandlers.go:362.9,364.4 1 1
github.com/Ulbora/GoAuth2/handlers/alowedUriRestHandlers.go:365.8,367.3 1 1
