mode: set
github.com/Ulbora/GoAuth2/mysqldb/authCodeScope.go:31.99,34.15 3 1
github.com/Ulbora/GoAuth2/mysqldb/authCodeScope.go:39.2,39.16 1 1
github.com/Ulbora/GoAuth2/mysqldb/authCodeScope.go:34.15,38.3 3 1
github.com/Ulbora/GoAuth2/mysqldb/authCodeScope.go:43.85,44.25 1 1
github.com/Ulbora/GoAuth2/mysqldb/authCodeScope.go:47.2,51.40 5 1
github.com/Ulbora/GoAuth2/mysqldb/authCodeScope.go:68.2,68.13 1 1
github.com/Ulbora/GoAuth2/mysqldb/authCodeScope.go:44.25,46.3 1 1
github.com/Ulbora/GoAuth2/mysqldb/authCodeScope.go:51.40,53.28 2 1
github.com/Ulbora/GoAuth2/mysqldb/authCodeScope.go:53.28,57.18 4 1
github.com/Ulbora/GoAuth2/mysqldb/authCodeScope.go:65.4,65.26 1 1
github.com/Ulbora/GoAuth2/mysqldb/authCodeScope.go:57.18,59.19 2 1
github.com/Ulbora/GoAuth2/mysqldb/authCodeScope.go:59.19,63.6 3 1
github.com/Ulbora/GoAuth2/mysqldb/authCodeScope.go:72.84,74.15 2 1
github.com/Ulbora/GoAuth2/mysqldb/authCodeScope.go:79.2,79.12 1 1
github.com/Ulbora/GoAuth2/mysqldb/authCodeScope.go:74.15,78.3 3 1
github.com/Ulbora/GoAuth2/mysqldb/keys.go:24.51,26.25 2 1
github.com/Ulbora/GoAuth2/mysqldb/keys.go:29.2,32.12 4 1
github.com/Ulbora/GoAuth2/mysqldb/keys.go:26.25,28.3 1 1
github.com/Ulbora/GoAuth2/mysqldb/keys.go:36.52,38.25 2 1
github.com/Ulbora/GoAuth2/mysqldb/keys.go:41.2,44.12 4 1
github.com/Ulbora/GoAuth2/mysqldb/keys.go:38.25,40.3 1 1
github.com/Ulbora/GoAuth2/mysqldb/keys.go:48.47,50.25 2 1
github.com/Ulbora/GoAuth2/mysqldb/keys.go:53.2,56.12 4 1
github.com/Ulbora/GoAuth2/mysqldb/keys.go:50.25,52.3 1 1
github.com/Ulbora/GoAuth2/mysqldb/oauthDb.go:34.46,41.26 7 1
github.com/Ulbora/GoAuth2/mysqldb/oauthDb.go:53.2,53.12 1 1
github.com/Ulbora/GoAuth2/mysqldb/oauthDb.go:41.26,46.17 3 1
github.com/Ulbora/GoAuth2/mysqldb/oauthDb.go:49.3,49.20 1 1
github.com/Ulbora/GoAuth2/mysqldb/oauthDb.go:46.17,48.4 1 1
github.com/Ulbora/GoAuth2/mysqldb/oauthDb.go:49.20,51.4 1 1
github.com/Ulbora/GoAuth2/mysqldb/passwordGrant.go:31.122,34.25 3 1
github.com/Ulbora/GoAuth2/mysqldb/passwordGrant.go:37.2,39.33 3 1
github.com/Ulbora/GoAuth2/mysqldb/passwordGrant.go:50.2,50.10 1 1
github.com/Ulbora/GoAuth2/mysqldb/passwordGrant.go:74.2,74.16 1 1
github.com/Ulbora/GoAuth2/mysqldb/passwordGrant.go:34.25,36.3 1 1
github.com/Ulbora/GoAuth2/mysqldb/passwordGrant.go:39.33,43.12 4 1
github.com/Ulbora/GoAuth2/mysqldb/passwordGrant.go:43.12,46.4 2 1
github.com/Ulbora/GoAuth2/mysqldb/passwordGrant.go:47.8,49.3 1 1
github.com/Ulbora/GoAuth2/mysqldb/passwordGrant.go:50.10,54.12 4 1
github.com/Ulbora/GoAuth2/mysqldb/passwordGrant.go:54.12,61.11 7 1
github.com/Ulbora/GoAuth2/mysqldb/passwordGrant.go:61.11,63.5 1 1
github.com/Ulbora/GoAuth2/mysqldb/passwordGrant.go:63.10,67.5 3 1
github.com/Ulbora/GoAuth2/mysqldb/passwordGrant.go:68.9,70.4 1 1
github.com/Ulbora/GoAuth2/mysqldb/passwordGrant.go:71.8,73.3 1 1
github.com/Ulbora/GoAuth2/mysqldb/passwordGrant.go:78.93,79.25 1 1
github.com/Ulbora/GoAuth2/mysqldb/passwordGrant.go:82.2,87.40 6 1
github.com/Ulbora/GoAuth2/mysqldb/passwordGrant.go:111.2,112.13 2 1
github.com/Ulbora/GoAuth2/mysqldb/passwordGrant.go:79.25,81.3 1 1
github.com/Ulbora/GoAuth2/mysqldb/passwordGrant.go:87.40,90.28 3 1
github.com/Ulbora/GoAuth2/mysqldb/passwordGrant.go:90.28,94.18 4 1
github.com/Ulbora/GoAuth2/mysqldb/passwordGrant.go:94.18,96.19 2 1
github.com/Ulbora/GoAuth2/mysqldb/passwordGrant.go:96.19,98.20 2 1
github.com/Ulbora/GoAuth2/mysqldb/passwordGrant.go:98.20,106.7 7 1
github.com/Ulbora/GoAuth2/mysqldb/passwordGrant.go:116.80,118.25 2 1
github.com/Ulbora/GoAuth2/mysqldb/passwordGrant.go:121.2,123.30 3 1
github.com/Ulbora/GoAuth2/mysqldb/passwordGrant.go:159.2,159.12 1 1
github.com/Ulbora/GoAuth2/mysqldb/passwordGrant.go:118.25,120.3 1 1
github.com/Ulbora/GoAuth2/mysqldb/passwordGrant.go:123.30,124.16 1 1
github.com/Ulbora/GoAuth2/mysqldb/passwordGrant.go:124.16,127.29 3 1
github.com/Ulbora/GoAuth2/mysqldb/passwordGrant.go:131.4,136.14 6 1
github.com/Ulbora/GoAuth2/mysqldb/passwordGrant.go:127.29,130.5 2 1
github.com/Ulbora/GoAuth2/mysqldb/passwordGrant.go:136.14,139.14 3 1
github.com/Ulbora/GoAuth2/mysqldb/passwordGrant.go:139.14,141.18 2 1
github.com/Ulbora/GoAuth2/mysqldb/passwordGrant.go:145.6,145.14 1 1
github.com/Ulbora/GoAuth2/mysqldb/passwordGrant.go:141.18,144.7 2 1
github.com/Ulbora/GoAuth2/mysqldb/passwordGrant.go:145.14,148.7 2 1
github.com/Ulbora/GoAuth2/mysqldb/passwordGrant.go:148.12,150.7 1 1
github.com/Ulbora/GoAuth2/mysqldb/passwordGrant.go:151.11,153.6 1 1
github.com/Ulbora/GoAuth2/mysqldb/passwordGrant.go:154.10,156.5 1 1
github.com/Ulbora/GoAuth2/mysqldb/redirectUri.go:30.107,33.38 3 1
github.com/Ulbora/GoAuth2/mysqldb/redirectUri.go:36.2,38.15 3 1
github.com/Ulbora/GoAuth2/mysqldb/redirectUri.go:44.2,44.16 1 1
github.com/Ulbora/GoAuth2/mysqldb/redirectUri.go:33.38,35.3 1 1
github.com/Ulbora/GoAuth2/mysqldb/redirectUri.go:38.15,40.3 1 1
github.com/Ulbora/GoAuth2/mysqldb/redirectUri.go:40.8,42.3 1 1
github.com/Ulbora/GoAuth2/mysqldb/redirectUri.go:48.90,49.25 1 1
github.com/Ulbora/GoAuth2/mysqldb/redirectUri.go:52.2,56.40 5 1
github.com/Ulbora/GoAuth2/mysqldb/redirectUri.go:64.2,64.13 1 1
github.com/Ulbora/GoAuth2/mysqldb/redirectUri.go:49.25,51.3 1 1
github.com/Ulbora/GoAuth2/mysqldb/redirectUri.go:56.40,58.28 2 1
github.com/Ulbora/GoAuth2/mysqldb/redirectUri.go:58.28,62.4 3 1
github.com/Ulbora/GoAuth2/mysqldb/redirectUri.go:68.96,69.25 1 1
github.com/Ulbora/GoAuth2/mysqldb/redirectUri.go:72.2,76.12 5 1
github.com/Ulbora/GoAuth2/mysqldb/redirectUri.go:69.25,71.3 1 1
github.com/Ulbora/GoAuth2/mysqldb/redirectUri.go:80.84,82.38 2 1
github.com/Ulbora/GoAuth2/mysqldb/redirectUri.go:85.2,87.15 3 1
github.com/Ulbora/GoAuth2/mysqldb/redirectUri.go:92.2,92.12 1 1
github.com/Ulbora/GoAuth2/mysqldb/redirectUri.go:82.38,84.3 1 1
github.com/Ulbora/GoAuth2/mysqldb/redirectUri.go:87.15,89.3 1 1
github.com/Ulbora/GoAuth2/mysqldb/redirectUri.go:89.8,91.3 1 1
github.com/Ulbora/GoAuth2/mysqldb/redirectUri.go:96.93,98.38 2 1
github.com/Ulbora/GoAuth2/mysqldb/redirectUri.go:101.2,103.15 3 1
github.com/Ulbora/GoAuth2/mysqldb/redirectUri.go:108.2,108.12 1 1
github.com/Ulbora/GoAuth2/mysqldb/redirectUri.go:98.38,100.3 1 1
github.com/Ulbora/GoAuth2/mysqldb/redirectUri.go:103.15,105.3 1 1
github.com/Ulbora/GoAuth2/mysqldb/redirectUri.go:105.8,107.3 1 1
github.com/Ulbora/GoAuth2/mysqldb/redirectUri.go:111.67,114.16 3 1
github.com/Ulbora/GoAuth2/mysqldb/redirectUri.go:122.2,122.13 1 1
github.com/Ulbora/GoAuth2/mysqldb/redirectUri.go:114.16,116.17 2 1
github.com/Ulbora/GoAuth2/mysqldb/redirectUri.go:116.17,120.4 3 1
github.com/Ulbora/GoAuth2/mysqldb/scope.go:29.73,30.25 1 1
github.com/Ulbora/GoAuth2/mysqldb/scope.go:33.2,36.16 4 1
github.com/Ulbora/GoAuth2/mysqldb/scope.go:30.25,32.3 1 1
github.com/Ulbora/GoAuth2/mysqldb/scope.go:40.78,41.25 1 1
github.com/Ulbora/GoAuth2/mysqldb/scope.go:44.2,48.40 5 1
github.com/Ulbora/GoAuth2/mysqldb/scope.go:56.2,56.13 1 1
github.com/Ulbora/GoAuth2/mysqldb/scope.go:41.25,43.3 1 1
github.com/Ulbora/GoAuth2/mysqldb/scope.go:48.40,50.28 2 1
github.com/Ulbora/GoAuth2/mysqldb/scope.go:50.28,54.4 3 1
github.com/Ulbora/GoAuth2/mysqldb/scope.go:60.57,61.25 1 1
github.com/Ulbora/GoAuth2/mysqldb/scope.go:64.2,66.39 3 1
github.com/Ulbora/GoAuth2/mysqldb/scope.go:61.25,63.3 1 1
github.com/Ulbora/GoAuth2/mysqldb/scope.go:69.63,72.16 3 1
github.com/Ulbora/GoAuth2/mysqldb/scope.go:80.2,80.13 1 1
github.com/Ulbora/GoAuth2/mysqldb/scope.go:72.16,74.17 2 1
github.com/Ulbora/GoAuth2/mysqldb/scope.go:74.17,78.4 3 1
github.com/Ulbora/GoAuth2/mysqldb/allowedUri.go:29.84,30.25 1 1
github.com/Ulbora/GoAuth2/mysqldb/allowedUri.go:33.2,36.16 4 1
github.com/Ulbora/GoAuth2/mysqldb/allowedUri.go:30.25,32.3 1 1
github.com/Ulbora/GoAuth2/mysqldb/allowedUri.go:40.78,41.25 1 1
github.com/Ulbora/GoAuth2/mysqldb/allowedUri.go:44.2,47.12 4 1
github.com/Ulbora/GoAuth2/mysqldb/allowedUri.go:41.25,43.3 1 1
github.com/Ulbora/GoAuth2/mysqldb/allowedUri.go:51.80,52.25 1 1
github.com/Ulbora/GoAuth2/mysqldb/allowedUri.go:55.2,59.12 5 1
github.com/Ulbora/GoAuth2/mysqldb/allowedUri.go:52.25,54.3 1 1
github.com/Ulbora/GoAuth2/mysqldb/allowedUri.go:63.88,64.25 1 1
github.com/Ulbora/GoAuth2/mysqldb/allowedUri.go:67.2,71.40 5 1
github.com/Ulbora/GoAuth2/mysqldb/allowedUri.go:79.2,79.13 1 1
github.com/Ulbora/GoAuth2/mysqldb/allowedUri.go:64.25,66.3 1 1
github.com/Ulbora/GoAuth2/mysqldb/allowedUri.go:71.40,73.28 2 1
github.com/Ulbora/GoAuth2/mysqldb/allowedUri.go:73.28,77.4 3 1
github.com/Ulbora/GoAuth2/mysqldb/allowedUri.go:83.94,84.25 1 1
github.com/Ulbora/GoAuth2/mysqldb/allowedUri.go:87.2,91.12 5 1
github.com/Ulbora/GoAuth2/mysqldb/allowedUri.go:84.25,86.3 1 1
github.com/Ulbora/GoAuth2/mysqldb/allowedUri.go:95.62,96.25 1 1
github.com/Ulbora/GoAuth2/mysqldb/allowedUri.go:99.2,101.44 3 1
github.com/Ulbora/GoAuth2/mysqldb/allowedUri.go:96.25,98.3 1 1
github.com/Ulbora/GoAuth2/mysqldb/allowedUri.go:104.73,107.16 3 1
github.com/Ulbora/GoAuth2/mysqldb/allowedUri.go:115.2,115.13 1 1
github.com/Ulbora/GoAuth2/mysqldb/allowedUri.go:107.16,109.17 2 1
github.com/Ulbora/GoAuth2/mysqldb/allowedUri.go:109.17,113.4 3 1
github.com/Ulbora/GoAuth2/mysqldb/implicitGrant.go:33.120,36.25 3 1
github.com/Ulbora/GoAuth2/mysqldb/implicitGrant.go:39.2,43.11 5 1
github.com/Ulbora/GoAuth2/mysqldb/implicitGrant.go:81.2,81.16 1 1
github.com/Ulbora/GoAuth2/mysqldb/implicitGrant.go:36.25,38.3 1 1
github.com/Ulbora/GoAuth2/mysqldb/implicitGrant.go:43.11,50.10 7 1
github.com/Ulbora/GoAuth2/mysqldb/implicitGrant.go:50.10,52.24 2 1
github.com/Ulbora/GoAuth2/mysqldb/implicitGrant.go:66.4,66.13 1 1
github.com/Ulbora/GoAuth2/mysqldb/implicitGrant.go:52.24,53.34 1 1
github.com/Ulbora/GoAuth2/mysqldb/implicitGrant.go:53.34,60.15 7 1
github.com/Ulbora/GoAuth2/mysqldb/implicitGrant.go:60.15,63.7 2 1
github.com/Ulbora/GoAuth2/mysqldb/implicitGrant.go:66.13,69.5 2 1
github.com/Ulbora/GoAuth2/mysqldb/implicitGrant.go:69.10,74.5 4 1
github.com/Ulbora/GoAuth2/mysqldb/implicitGrant.go:75.9,77.4 1 1
github.com/Ulbora/GoAuth2/mysqldb/implicitGrant.go:78.8,80.3 1 1
github.com/Ulbora/GoAuth2/mysqldb/implicitGrant.go:85.93,86.25 1 1
github.com/Ulbora/GoAuth2/mysqldb/implicitGrant.go:89.2,93.40 5 1
github.com/Ulbora/GoAuth2/mysqldb/implicitGrant.go:102.2,103.13 2 1
github.com/Ulbora/GoAuth2/mysqldb/implicitGrant.go:86.25,88.3 1 1
github.com/Ulbora/GoAuth2/mysqldb/implicitGrant.go:93.40,95.28 2 1
github.com/Ulbora/GoAuth2/mysqldb/implicitGrant.go:95.28,99.4 3 1
github.com/Ulbora/GoAuth2/mysqldb/implicitGrant.go:107.114,108.25 1 1
github.com/Ulbora/GoAuth2/mysqldb/implicitGrant.go:111.2,116.40 6 1
github.com/Ulbora/GoAuth2/mysqldb/implicitGrant.go:142.2,143.13 2 1
github.com/Ulbora/GoAuth2/mysqldb/implicitGrant.go:108.25,110.3 1 1
github.com/Ulbora/GoAuth2/mysqldb/implicitGrant.go:116.40,119.28 3 1
github.com/Ulbora/GoAuth2/mysqldb/implicitGrant.go:119.28,123.18 4 1
github.com/Ulbora/GoAuth2/mysqldb/implicitGrant.go:123.18,125.19 2 1
github.com/Ulbora/GoAuth2/mysqldb/implicitGrant.go:125.19,127.20 2 1
github.com/Ulbora/GoAuth2/mysqldb/implicitGrant.go:127.20,136.7 8 1
github.com/Ulbora/GoAuth2/mysqldb/implicitGrant.go:147.80,149.25 2 1
github.com/Ulbora/GoAuth2/mysqldb/implicitGrant.go:152.2,154.29 3 1
github.com/Ulbora/GoAuth2/mysqldb/implicitGrant.go:184.2,184.12 1 1
github.com/Ulbora/GoAuth2/mysqldb/implicitGrant.go:149.25,151.3 1 1
github.com/Ulbora/GoAuth2/mysqldb/implicitGrant.go:154.29,155.16 1 1
github.com/Ulbora/GoAuth2/mysqldb/implicitGrant.go:155.16,160.12 4 1
github.com/Ulbora/GoAuth2/mysqldb/implicitGrant.go:160.12,165.14 5 1
github.com/Ulbora/GoAuth2/mysqldb/implicitGrant.go:165.14,169.15 3 1
github.com/Ulbora/GoAuth2/mysqldb/implicitGrant.go:169.15,172.7 2 1
github.com/Ulbora/GoAuth2/mysqldb/implicitGrant.go:172.12,174.7 1 1
github.com/Ulbora/GoAuth2/mysqldb/implicitGrant.go:176.11,178.6 1 1
github.com/Ulbora/GoAuth2/mysqldb/implicitGrant.go:179.10,181.5 1 1
github.com/Ulbora/GoAuth2/mysqldb/implicitGrant.go:187.67,191.16 4 1
github.com/Ulbora/GoAuth2/mysqldb/implicitGrant.go:204.2,204.13 1 1
github.com/Ulbora/GoAuth2/mysqldb/implicitGrant.go:191.16,194.17 2 1
github.com/Ulbora/GoAuth2/mysqldb/implicitGrant.go:194.17,196.18 2 1
github.com/Ulbora/GoAuth2/mysqldb/implicitGrant.go:196.18,201.5 4 1
github.com/Ulbora/GoAuth2/mysqldb/roleUri.go:29.68,30.25 1 1
github.com/Ulbora/GoAuth2/mysqldb/roleUri.go:33.2,36.12 4 1
github.com/Ulbora/GoAuth2/mysqldb/roleUri.go:30.25,32.3 1 1
github.com/Ulbora/GoAuth2/mysqldb/roleUri.go:40.87,42.25 2 1
github.com/Ulbora/GoAuth2/mysqldb/roleUri.go:45.2,48.40 4 1
github.com/Ulbora/GoAuth2/mysqldb/roleUri.go:56.2,56.13 1 1
github.com/Ulbora/GoAuth2/mysqldb/roleUri.go:42.25,44.3 1 1
github.com/Ulbora/GoAuth2/mysqldb/roleUri.go:48.40,50.28 2 1
github.com/Ulbora/GoAuth2/mysqldb/roleUri.go:50.28,54.4 3 1
github.com/Ulbora/GoAuth2/mysqldb/roleUri.go:60.93,62.25 2 1
github.com/Ulbora/GoAuth2/mysqldb/roleUri.go:65.2,68.40 4 1
github.com/Ulbora/GoAuth2/mysqldb/roleUri.go:76.2,76.13 1 1
github.com/Ulbora/GoAuth2/mysqldb/roleUri.go:62.25,64.3 1 1
github.com/Ulbora/GoAuth2/mysqldb/roleUri.go:68.40,70.28 2 1
github.com/Ulbora/GoAuth2/mysqldb/roleUri.go:70.28,74.4 3 1
github.com/Ulbora/GoAuth2/mysqldb/roleUri.go:80.71,81.25 1 1
github.com/Ulbora/GoAuth2/mysqldb/roleUri.go:84.2,86.41 3 1
github.com/Ulbora/GoAuth2/mysqldb/roleUri.go:81.25,83.3 1 1
github.com/Ulbora/GoAuth2/mysqldb/roleUri.go:89.60,92.16 3 1
github.com/Ulbora/GoAuth2/mysqldb/roleUri.go:100.2,100.13 1 1
github.com/Ulbora/GoAuth2/mysqldb/roleUri.go:92.16,94.17 2 1
github.com/Ulbora/GoAuth2/mysqldb/roleUri.go:94.17,98.4 2 1
github.com/Ulbora/GoAuth2/mysqldb/roleUri.go:103.60,106.16 3 1
github.com/Ulbora/GoAuth2/mysqldb/roleUri.go:119.2,119.13 1 1
github.com/Ulbora/GoAuth2/mysqldb/roleUri.go:106.16,108.17 2 1
github.com/Ulbora/GoAuth2/mysqldb/roleUri.go:108.17,110.18 2 1
github.com/Ulbora/GoAuth2/mysqldb/roleUri.go:110.18,116.5 5 1
github.com/Ulbora/GoAuth2/mysqldb/accessToken.go:32.94,33.38 1 1
github.com/Ulbora/GoAuth2/mysqldb/accessToken.go:36.2,39.40 4 1
github.com/Ulbora/GoAuth2/mysqldb/accessToken.go:53.2,53.16 1 1
github.com/Ulbora/GoAuth2/mysqldb/accessToken.go:33.38,35.3 1 1
github.com/Ulbora/GoAuth2/mysqldb/accessToken.go:39.40,42.3 2 1
github.com/Ulbora/GoAuth2/mysqldb/accessToken.go:42.8,42.22 1 1
github.com/Ulbora/GoAuth2/mysqldb/accessToken.go:42.22,45.3 2 1
github.com/Ulbora/GoAuth2/mysqldb/accessToken.go:45.8,45.34 1 1
github.com/Ulbora/GoAuth2/mysqldb/accessToken.go:45.34,48.3 2 1
github.com/Ulbora/GoAuth2/mysqldb/accessToken.go:48.8,51.3 2 1
github.com/Ulbora/GoAuth2/mysqldb/accessToken.go:57.88,58.38 1 1
github.com/Ulbora/GoAuth2/mysqldb/accessToken.go:61.2,63.40 3 1
github.com/Ulbora/GoAuth2/mysqldb/accessToken.go:76.2,76.12 1 1
github.com/Ulbora/GoAuth2/mysqldb/accessToken.go:58.38,60.3 1 1
github.com/Ulbora/GoAuth2/mysqldb/accessToken.go:63.40,66.3 2 1
github.com/Ulbora/GoAuth2/mysqldb/accessToken.go:66.8,66.22 1 1
github.com/Ulbora/GoAuth2/mysqldb/accessToken.go:66.22,69.3 2 1
github.com/Ulbora/GoAuth2/mysqldb/accessToken.go:69.8,69.34 1 1
github.com/Ulbora/GoAuth2/mysqldb/accessToken.go:69.34,72.3 2 1
github.com/Ulbora/GoAuth2/mysqldb/accessToken.go:72.8,75.3 2 1
github.com/Ulbora/GoAuth2/mysqldb/accessToken.go:80.66,81.25 1 1
github.com/Ulbora/GoAuth2/mysqldb/accessToken.go:84.2,88.12 5 1
github.com/Ulbora/GoAuth2/mysqldb/accessToken.go:81.25,83.3 1 1
github.com/Ulbora/GoAuth2/mysqldb/accessToken.go:92.78,94.38 2 1
github.com/Ulbora/GoAuth2/mysqldb/accessToken.go:97.2,99.15 3 1
github.com/Ulbora/GoAuth2/mysqldb/accessToken.go:104.2,104.12 1 1
github.com/Ulbora/GoAuth2/mysqldb/accessToken.go:94.38,96.3 1 1
github.com/Ulbora/GoAuth2/mysqldb/accessToken.go:99.15,101.3 1 1
github.com/Ulbora/GoAuth2/mysqldb/accessToken.go:101.8,103.3 1 1
github.com/Ulbora/GoAuth2/mysqldb/accessToken.go:107.63,110.16 3 1
github.com/Ulbora/GoAuth2/mysqldb/accessToken.go:122.2,122.13 1 1
github.com/Ulbora/GoAuth2/mysqldb/accessToken.go:110.16,112.17 2 1
github.com/Ulbora/GoAuth2/mysqldb/accessToken.go:112.17,116.28 4 1
github.com/Ulbora/GoAuth2/mysqldb/accessToken.go:116.28,119.5 2 1
github.com/Ulbora/GoAuth2/mysqldb/client.go:33.99,36.25 2 1
github.com/Ulbora/GoAuth2/mysqldb/client.go:39.2,44.21 6 1
github.com/Ulbora/GoAuth2/mysqldb/client.go:70.2,70.11 1 1
github.com/Ulbora/GoAuth2/mysqldb/client.go:74.2,74.17 1 1
github.com/Ulbora/GoAuth2/mysqldb/client.go:36.25,38.3 1 1
github.com/Ulbora/GoAuth2/mysqldb/client.go:44.21,47.36 1 1
github.com/Ulbora/GoAuth2/mysqldb/client.go:47.36,48.28 1 1
github.com/Ulbora/GoAuth2/mysqldb/client.go:48.28,59.26 3 1
github.com/Ulbora/GoAuth2/mysqldb/client.go:59.26,62.11 3 1
github.com/Ulbora/GoAuth2/mysqldb/client.go:66.8,69.3 2 1
github.com/Ulbora/GoAuth2/mysqldb/client.go:70.11,73.3 2 1
github.com/Ulbora/GoAuth2/mysqldb/client.go:96.62,97.25 1 1
github.com/Ulbora/GoAuth2/mysqldb/client.go:100.2,103.12 4 1
github.com/Ulbora/GoAuth2/mysqldb/client.go:97.25,99.3 1 1
github.com/Ulbora/GoAuth2/mysqldb/client.go:107.62,109.25 2 1
github.com/Ulbora/GoAuth2/mysqldb/client.go:112.2,115.37 4 1
github.com/Ulbora/GoAuth2/mysqldb/client.go:130.2,130.12 1 1
github.com/Ulbora/GoAuth2/mysqldb/client.go:109.25,111.3 1 1
github.com/Ulbora/GoAuth2/mysqldb/client.go:115.37,128.3 2 1
github.com/Ulbora/GoAuth2/mysqldb/client.go:134.51,136.25 2 1
github.com/Ulbora/GoAuth2/mysqldb/client.go:139.2,141.40 3 1
github.com/Ulbora/GoAuth2/mysqldb/client.go:151.2,151.13 1 1
github.com/Ulbora/GoAuth2/mysqldb/client.go:136.25,138.3 1 1
github.com/Ulbora/GoAuth2/mysqldb/client.go:141.40,143.28 2 1
github.com/Ulbora/GoAuth2/mysqldb/client.go:143.28,147.4 3 1
github.com/Ulbora/GoAuth2/mysqldb/client.go:154.53,157.16 3 1
github.com/Ulbora/GoAuth2/mysqldb/client.go:166.2,166.13 1 1
github.com/Ulbora/GoAuth2/mysqldb/client.go:157.16,165.3 7 1
github.com/Ulbora/GoAuth2/mysqldb/client.go:170.65,172.25 2 1
github.com/Ulbora/GoAuth2/mysqldb/client.go:175.2,178.40 4 1
github.com/Ulbora/GoAuth2/mysqldb/client.go:187.2,187.13 1 1
github.com/Ulbora/GoAuth2/mysqldb/client.go:172.25,174.3 1 1
github.com/Ulbora/GoAuth2/mysqldb/client.go:178.40,180.28 2 1
github.com/Ulbora/GoAuth2/mysqldb/client.go:180.28,184.4 3 1
github.com/Ulbora/GoAuth2/mysqldb/client.go:191.58,193.25 2 1
github.com/Ulbora/GoAuth2/mysqldb/client.go:196.2,203.10 4 1
github.com/Ulbora/GoAuth2/mysqldb/client.go:215.2,215.11 1 1
github.com/Ulbora/GoAuth2/mysqldb/client.go:220.2,220.12 1 1
github.com/Ulbora/GoAuth2/mysqldb/client.go:193.25,195.3 1 1
github.com/Ulbora/GoAuth2/mysqldb/client.go:203.10,207.12 4 1
github.com/Ulbora/GoAuth2/mysqldb/client.go:207.12,210.4 2 1
github.com/Ulbora/GoAuth2/mysqldb/client.go:211.8,214.3 2 1
github.com/Ulbora/GoAuth2/mysqldb/client.go:215.11,218.3 2 1
github.com/Ulbora/GoAuth2/mysqldb/credentialsGrant.go:33.105,36.25 3 1
github.com/Ulbora/GoAuth2/mysqldb/credentialsGrant.go:39.2,43.11 5 1
github.com/Ulbora/GoAuth2/mysqldb/credentialsGrant.go:61.2,61.16 1 1
github.com/Ulbora/GoAuth2/mysqldb/credentialsGrant.go:36.25,38.3 1 1
github.com/Ulbora/GoAuth2/mysqldb/credentialsGrant.go:43.11,50.10 7 1
github.com/Ulbora/GoAuth2/mysqldb/credentialsGrant.go:50.10,52.4 1 1
github.com/Ulbora/GoAuth2/mysqldb/credentialsGrant.go:52.9,57.4 4 1
github.com/Ulbora/GoAuth2/mysqldb/credentialsGrant.go:58.8,60.3 1 1
github.com/Ulbora/GoAuth2/mysqldb/credentialsGrant.go:65.84,66.25 1 1
github.com/Ulbora/GoAuth2/mysqldb/credentialsGrant.go:69.2,73.40 5 1
github.com/Ulbora/GoAuth2/mysqldb/credentialsGrant.go:96.2,97.13 2 1
github.com/Ulbora/GoAuth2/mysqldb/credentialsGrant.go:66.25,68.3 1 1
github.com/Ulbora/GoAuth2/mysqldb/credentialsGrant.go:73.40,76.28 3 1
github.com/Ulbora/GoAuth2/mysqldb/credentialsGrant.go:76.28,80.18 4 1
github.com/Ulbora/GoAuth2/mysqldb/credentialsGrant.go:80.18,82.19 2 1
github.com/Ulbora/GoAuth2/mysqldb/credentialsGrant.go:82.19,84.20 2 1
github.com/Ulbora/GoAuth2/mysqldb/credentialsGrant.go:84.20,91.7 6 1
github.com/Ulbora/GoAuth2/mysqldb/credentialsGrant.go:101.68,103.25 2 1
github.com/Ulbora/GoAuth2/mysqldb/credentialsGrant.go:106.2,108.29 3 1
github.com/Ulbora/GoAuth2/mysqldb/credentialsGrant.go:129.2,129.12 1 1
github.com/Ulbora/GoAuth2/mysqldb/credentialsGrant.go:103.25,105.3 1 1
github.com/Ulbora/GoAuth2/mysqldb/credentialsGrant.go:108.29,109.16 1 1
github.com/Ulbora/GoAuth2/mysqldb/credentialsGrant.go:109.16,115.13 6 1
github.com/Ulbora/GoAuth2/mysqldb/credentialsGrant.go:115.13,118.14 3 1
github.com/Ulbora/GoAuth2/mysqldb/credentialsGrant.go:118.14,121.6 2 1
github.com/Ulbora/GoAuth2/mysqldb/credentialsGrant.go:121.11,123.6 1 1
github.com/Ulbora/GoAuth2/mysqldb/credentialsGrant.go:124.10,126.5 1 1
github.com/Ulbora/GoAuth2/mysqldb/implicitGrantScope.go:31.105,34.15 3 1
github.com/Ulbora/GoAuth2/mysqldb/implicitGrantScope.go:39.2,39.16 1 1
github.com/Ulbora/GoAuth2/mysqldb/implicitGrantScope.go:34.15,38.3 3 1
github.com/Ulbora/GoAuth2/mysqldb/implicitGrantScope.go:43.81,44.25 1 1
github.com/Ulbora/GoAuth2/mysqldb/implicitGrantScope.go:47.2,51.40 5 1
github.com/Ulbora/GoAuth2/mysqldb/implicitGrantScope.go:68.2,68.13 1 1
github.com/Ulbora/GoAuth2/mysqldb/implicitGrantScope.go:44.25,46.3 1 1
github.com/Ulbora/GoAuth2/mysqldb/implicitGrantScope.go:51.40,53.28 2 1
github.com/Ulbora/GoAuth2/mysqldb/implicitGrantScope.go:53.28,57.18 4 1
github.com/Ulbora/GoAuth2/mysqldb/implicitGrantScope.go:65.4,65.26 1 1
github.com/Ulbora/GoAuth2/mysqldb/implicitGrantScope.go:57.18,59.19 2 1
github.com/Ulbora/GoAuth2/mysqldb/implicitGrantScope.go:59.19,63.6 3 1
github.com/Ulbora/GoAuth2/mysqldb/implicitGrantScope.go:72.89,74.15 2 1
github.com/Ulbora/GoAuth2/mysqldb/implicitGrantScope.go:79.2,79.12 1 1
github.com/Ulbora/GoAuth2/mysqldb/implicitGrantScope.go:74.15,78.3 3 1
github.com/Ulbora/GoAuth2/mysqldb/refreshToken.go:31.96,34.38 3 1
github.com/Ulbora/GoAuth2/mysqldb/refreshToken.go:37.2,39.15 3 1
github.com/Ulbora/GoAuth2/mysqldb/refreshToken.go:44.2,44.16 1 1
github.com/Ulbora/GoAuth2/mysqldb/refreshToken.go:34.38,36.3 1 1
github.com/Ulbora/GoAuth2/mysqldb/refreshToken.go:39.15,41.3 1 1
github.com/Ulbora/GoAuth2/mysqldb/refreshToken.go:41.8,43.3 1 1
github.com/Ulbora/GoAuth2/mysqldb/refreshToken.go:48.69,49.25 1 1
github.com/Ulbora/GoAuth2/mysqldb/refreshToken.go:52.2,55.12 4 1
github.com/Ulbora/GoAuth2/mysqldb/refreshToken.go:49.25,51.3 1 1
github.com/Ulbora/GoAuth2/mysqldb/refreshToken.go:59.68,60.25 1 1
github.com/Ulbora/GoAuth2/mysqldb/refreshToken.go:63.2,67.12 5 1
github.com/Ulbora/GoAuth2/mysqldb/refreshToken.go:60.25,62.3 1 1
github.com/Ulbora/GoAuth2/mysqldb/refreshToken.go:71.79,73.38 2 1
github.com/Ulbora/GoAuth2/mysqldb/refreshToken.go:76.2,78.15 3 1
github.com/Ulbora/GoAuth2/mysqldb/refreshToken.go:83.2,83.12 1 1
github.com/Ulbora/GoAuth2/mysqldb/refreshToken.go:73.38,75.3 1 1
github.com/Ulbora/GoAuth2/mysqldb/refreshToken.go:78.15,80.3 1 1
github.com/Ulbora/GoAuth2/mysqldb/refreshToken.go:80.8,82.3 1 1
github.com/Ulbora/GoAuth2/mysqldb/refreshToken.go:86.65,89.16 3 1
github.com/Ulbora/GoAuth2/mysqldb/refreshToken.go:93.2,93.13 1 1
github.com/Ulbora/GoAuth2/mysqldb/refreshToken.go:89.16,92.3 2 1
github.com/Ulbora/GoAuth2/mysqldb/roles.go:29.71,30.25 1 1
github.com/Ulbora/GoAuth2/mysqldb/roles.go:33.2,36.16 4 1
github.com/Ulbora/GoAuth2/mysqldb/roles.go:30.25,32.3 1 1
github.com/Ulbora/GoAuth2/mysqldb/roles.go:40.76,41.25 1 1
github.com/Ulbora/GoAuth2/mysqldb/roles.go:44.2,48.40 5 1
github.com/Ulbora/GoAuth2/mysqldb/roles.go:56.2,56.13 1 1
github.com/Ulbora/GoAuth2/mysqldb/roles.go:41.25,43.3 1 1
github.com/Ulbora/GoAuth2/mysqldb/roles.go:48.40,50.28 2 1
github.com/Ulbora/GoAuth2/mysqldb/roles.go:50.28,54.4 3 1
github.com/Ulbora/GoAuth2/mysqldb/roles.go:60.56,61.25 1 1
github.com/Ulbora/GoAuth2/mysqldb/roles.go:64.2,66.38 3 1
github.com/Ulbora/GoAuth2/mysqldb/roles.go:61.25,63.3 1 1
github.com/Ulbora/GoAuth2/mysqldb/roles.go:69.61,72.16 3 1
github.com/Ulbora/GoAuth2/mysqldb/roles.go:80.2,80.13 1 1
github.com/Ulbora/GoAuth2/mysqldb/roles.go:72.16,74.17 2 1
github.com/Ulbora/GoAuth2/mysqldb/roles.go:74.17,78.4 3 1
github.com/Ulbora/GoAuth2/mysqldb/authCodeRevolk.go:31.101,34.38 3 1
github.com/Ulbora/GoAuth2/mysqldb/authCodeRevolk.go:37.2,39.15 3 1
github.com/Ulbora/GoAuth2/mysqldb/authCodeRevolk.go:44.2,44.16 1 1
github.com/Ulbora/GoAuth2/mysqldb/authCodeRevolk.go:34.38,36.3 1 1
github.com/Ulbora/GoAuth2/mysqldb/authCodeRevolk.go:39.15,41.3 1 1
github.com/Ulbora/GoAuth2/mysqldb/authCodeRevolk.go:41.8,43.3 1 1
github.com/Ulbora/GoAuth2/mysqldb/authCodeRevolk.go:48.72,49.25 1 1
github.com/Ulbora/GoAuth2/mysqldb/authCodeRevolk.go:52.2,56.12 5 1
github.com/Ulbora/GoAuth2/mysqldb/authCodeRevolk.go:49.25,51.3 1 1
github.com/Ulbora/GoAuth2/mysqldb/authCodeRevolk.go:60.81,62.38 2 1
github.com/Ulbora/GoAuth2/mysqldb/authCodeRevolk.go:65.2,67.15 3 1
github.com/Ulbora/GoAuth2/mysqldb/authCodeRevolk.go:72.2,72.12 1 1
github.com/Ulbora/GoAuth2/mysqldb/authCodeRevolk.go:62.38,64.3 1 1
github.com/Ulbora/GoAuth2/mysqldb/authCodeRevolk.go:67.15,69.3 1 1
github.com/Ulbora/GoAuth2/mysqldb/authCodeRevolk.go:69.8,71.3 1 1
github.com/Ulbora/GoAuth2/mysqldb/authCodeRevolk.go:75.69,78.16 3 1
github.com/Ulbora/GoAuth2/mysqldb/authCodeRevolk.go:85.2,85.13 1 1
github.com/Ulbora/GoAuth2/mysqldb/authCodeRevolk.go:78.16,80.17 2 1
github.com/Ulbora/GoAuth2/mysqldb/authCodeRevolk.go:80.17,83.4 2 1
github.com/Ulbora/GoAuth2/mysqldb/authorizationCode.go:32.152,35.25 3 1
github.com/Ulbora/GoAuth2/mysqldb/authorizationCode.go:38.2,40.33 3 1
github.com/Ulbora/GoAuth2/mysqldb/authorizationCode.go:51.2,51.10 1 1
github.com/Ulbora/GoAuth2/mysqldb/authorizationCode.go:98.2,98.16 1 1
github.com/Ulbora/GoAuth2/mysqldb/authorizationCode.go:35.25,37.3 1 1
github.com/Ulbora/GoAuth2/mysqldb/authorizationCode.go:40.33,44.12 4 1
github.com/Ulbora/GoAuth2/mysqldb/authorizationCode.go:44.12,47.4 2 1
github.com/Ulbora/GoAuth2/mysqldb/authorizationCode.go:48.8,50.3 1 1
github.com/Ulbora/GoAuth2/mysqldb/authorizationCode.go:51.10,56.12 4 1
github.com/Ulbora/GoAuth2/mysqldb/authorizationCode.go:56.12,63.11 7 1
github.com/Ulbora/GoAuth2/mysqldb/authorizationCode.go:63.11,66.25 2 1
github.com/Ulbora/GoAuth2/mysqldb/authorizationCode.go:80.5,80.14 1 1
github.com/Ulbora/GoAuth2/mysqldb/authorizationCode.go:66.25,67.35 1 1
github.com/Ulbora/GoAuth2/mysqldb/authorizationCode.go:67.35,74.16 7 1
github.com/Ulbora/GoAuth2/mysqldb/authorizationCode.go:74.16,77.8 2 1
github.com/Ulbora/GoAuth2/mysqldb/authorizationCode.go:80.14,83.6 2 1
github.com/Ulbora/GoAuth2/mysqldb/authorizationCode.go:83.11,88.6 4 1
github.com/Ulbora/GoAuth2/mysqldb/authorizationCode.go:89.10,91.5 1 1
github.com/Ulbora/GoAuth2/mysqldb/authorizationCode.go:92.9,94.4 1 1
github.com/Ulbora/GoAuth2/mysqldb/authorizationCode.go:95.8,97.3 1 1
github.com/Ulbora/GoAuth2/mysqldb/authorizationCode.go:102.82,103.25 1 1
github.com/Ulbora/GoAuth2/mysqldb/authorizationCode.go:106.2,109.12 4 1
github.com/Ulbora/GoAuth2/mysqldb/authorizationCode.go:103.25,105.3 1 1
github.com/Ulbora/GoAuth2/mysqldb/authorizationCode.go:113.111,115.25 2 1
github.com/Ulbora/GoAuth2/mysqldb/authorizationCode.go:118.2,120.9 3 1
github.com/Ulbora/GoAuth2/mysqldb/authorizationCode.go:133.2,133.12 1 1
github.com/Ulbora/GoAuth2/mysqldb/authorizationCode.go:115.25,117.3 1 1
github.com/Ulbora/GoAuth2/mysqldb/authorizationCode.go:120.9,124.10 4 1
github.com/Ulbora/GoAuth2/mysqldb/authorizationCode.go:124.10,127.4 2 1
github.com/Ulbora/GoAuth2/mysqldb/authorizationCode.go:127.9,129.4 1 1
github.com/Ulbora/GoAuth2/mysqldb/authorizationCode.go:130.8,132.3 1 1
github.com/Ulbora/GoAuth2/mysqldb/authorizationCode.go:137.101,138.25 1 1
github.com/Ulbora/GoAuth2/mysqldb/authorizationCode.go:141.2,145.40 5 1
github.com/Ulbora/GoAuth2/mysqldb/authorizationCode.go:154.2,155.13 2 1
github.com/Ulbora/GoAuth2/mysqldb/authorizationCode.go:138.25,140.3 1 1
github.com/Ulbora/GoAuth2/mysqldb/authorizationCode.go:145.40,147.28 2 1
github.com/Ulbora/GoAuth2/mysqldb/authorizationCode.go:147.28,151.4 3 1
github.com/Ulbora/GoAuth2/mysqldb/authorizationCode.go:159.122,160.25 1 1
github.com/Ulbora/GoAuth2/mysqldb/authorizationCode.go:163.2,168.40 6 1
github.com/Ulbora/GoAuth2/mysqldb/authorizationCode.go:196.2,197.13 2 1
github.com/Ulbora/GoAuth2/mysqldb/authorizationCode.go:160.25,162.3 1 1
github.com/Ulbora/GoAuth2/mysqldb/authorizationCode.go:168.40,171.28 3 1
github.com/Ulbora/GoAuth2/mysqldb/authorizationCode.go:171.28,175.18 4 1
github.com/Ulbora/GoAuth2/mysqldb/authorizationCode.go:175.18,177.19 2 1
github.com/Ulbora/GoAuth2/mysqldb/authorizationCode.go:177.19,189.6 9 1
github.com/Ulbora/GoAuth2/mysqldb/authorizationCode.go:201.87,202.25 1 1
github.com/Ulbora/GoAuth2/mysqldb/authorizationCode.go:205.2,210.12 6 1
github.com/Ulbora/GoAuth2/mysqldb/authorizationCode.go:202.25,204.3 1 1
github.com/Ulbora/GoAuth2/mysqldb/authorizationCode.go:214.84,216.25 2 1
github.com/Ulbora/GoAuth2/mysqldb/authorizationCode.go:220.2,222.35 3 1
github.com/Ulbora/GoAuth2/mysqldb/authorizationCode.go:274.2,274.12 1 1
github.com/Ulbora/GoAuth2/mysqldb/authorizationCode.go:216.25,218.3 1 1
github.com/Ulbora/GoAuth2/mysqldb/authorizationCode.go:222.35,223.34 1 1
github.com/Ulbora/GoAuth2/mysqldb/authorizationCode.go:223.34,226.29 3 1
github.com/Ulbora/GoAuth2/mysqldb/authorizationCode.go:230.4,234.14 4 1
github.com/Ulbora/GoAuth2/mysqldb/authorizationCode.go:226.29,229.5 2 1
github.com/Ulbora/GoAuth2/mysqldb/authorizationCode.go:234.14,238.13 3 1
github.com/Ulbora/GoAuth2/mysqldb/authorizationCode.go:238.13,245.15 5 1
github.com/Ulbora/GoAuth2/mysqldb/authorizationCode.go:245.15,248.16 3 1
github.com/Ulbora/GoAuth2/mysqldb/authorizationCode.go:248.16,250.20 2 1
github.com/Ulbora/GoAuth2/mysqldb/authorizationCode.go:254.8,254.16 1 1
github.com/Ulbora/GoAuth2/mysqldb/authorizationCode.go:250.20,253.9 2 1
github.com/Ulbora/GoAuth2/mysqldb/authorizationCode.go:254.16,257.9 2 1
github.com/Ulbora/GoAuth2/mysqldb/authorizationCode.go:257.14,259.9 1 1
github.com/Ulbora/GoAuth2/mysqldb/authorizationCode.go:260.13,262.8 1 1
github.com/Ulbora/GoAuth2/mysqldb/authorizationCode.go:263.12,265.7 1 1
github.com/Ulbora/GoAuth2/mysqldb/authorizationCode.go:266.11,268.6 1 1
github.com/Ulbora/GoAuth2/mysqldb/authorizationCode.go:269.10,271.5 1 1
github.com/Ulbora/GoAuth2/mysqldb/authorizationCode.go:277.66,281.16 4 1
github.com/Ulbora/GoAuth2/mysqldb/authorizationCode.go:306.2,306.13 1 1
github.com/Ulbora/GoAuth2/mysqldb/authorizationCode.go:281.16,284.17 2 1
github.com/Ulbora/GoAuth2/mysqldb/authorizationCode.go:284.17,291.18 3 1
github.com/Ulbora/GoAuth2/mysqldb/authorizationCode.go:291.18,293.19 2 1
github.com/Ulbora/GoAuth2/mysqldb/authorizationCode.go:293.19,301.6 7 1
github.com/Ulbora/GoAuth2/mysqldb/clientGrantType.go:30.82,31.25 1 1
github.com/Ulbora/GoAuth2/mysqldb/clientGrantType.go:34.2,37.16 4 1
github.com/Ulbora/GoAuth2/mysqldb/clientGrantType.go:31.25,33.3 1 1
github.com/Ulbora/GoAuth2/mysqldb/clientGrantType.go:41.86,42.25 1 1
github.com/Ulbora/GoAuth2/mysqldb/clientGrantType.go:45.2,49.40 5 1
github.com/Ulbora/GoAuth2/mysqldb/clientGrantType.go:57.2,57.13 1 1
github.com/Ulbora/GoAuth2/mysqldb/clientGrantType.go:42.25,44.3 1 1
github.com/Ulbora/GoAuth2/mysqldb/clientGrantType.go:49.40,51.28 2 1
github.com/Ulbora/GoAuth2/mysqldb/clientGrantType.go:51.28,55.4 3 1
github.com/Ulbora/GoAuth2/mysqldb/clientGrantType.go:61.61,62.25 1 1
github.com/Ulbora/GoAuth2/mysqldb/clientGrantType.go:65.2,67.49 3 1
github.com/Ulbora/GoAuth2/mysqldb/clientGrantType.go:62.25,64.3 1 1
github.com/Ulbora/GoAuth2/mysqldb/clientGrantType.go:70.68,73.16 3 1
github.com/Ulbora/GoAuth2/mysqldb/clientGrantType.go:81.2,81.13 1 1
github.com/Ulbora/GoAuth2/mysqldb/clientGrantType.go:73.16,75.17 2 1
github.com/Ulbora/GoAuth2/mysqldb/clientGrantType.go:75.17,79.4 3 1
