mode: set
github.com/Ulbora/GoAuth2/mysqldb/accessToken.go:32.94,33.38 1 1
github.com/Ulbora/GoAuth2/mysqldb/accessToken.go:36.2,39.40 4 1
github.com/Ulbora/GoAuth2/mysqldb/accessToken.go:53.2,53.16 1 1
github.com/Ulbora/GoAuth2/mysqldb/accessToken.go:33.38,35.3 1 1
github.com/Ulbora/GoAuth2/mysqldb/accessToken.go:39.40,42.3 2 1
github.com/Ulbora/GoAuth2/mysqldb/accessToken.go:42.8,42.22 1 1
github.com/Ulbora/GoAuth2/mysqldb/accessToken.go:42.22,45.3 2 1
github.com/Ulbora/GoAuth2/mysqldb/accessToken.go:45.8,45.34 1 1
github.com/Ulbora/GoAuth2/mysqldb/accessToken.go:45.34,48.3 2 1
github.com/Ulbora/GoAuth2/mysqldb/accessToken.go:48.8,51.3 2 1
github.com/Ulbora/GoAuth2/mysqldb/accessToken.go:57.88,58.38 1 1
github.com/Ulbora/GoAuth2/mysqldb/accessToken.go:61.2,63.40 3 1
github.com/Ulbora/GoAuth2/mysqldb/accessToken.go:76.2,76.12 1 1
github.com/Ulbora/GoAuth2/mysqldb/accessToken.go:58.38,60.3 1 1
github.com/Ulbora/GoAuth2/mysqldb/accessToken.go:63.40,66.3 2 1
github.com/Ulbora/GoAuth2/mysqldb/accessToken.go:66.8,66.22 1 1
github.com/Ulbora/GoAuth2/mysqldb/accessToken.go:66.22,69.3 2 1
github.com/Ulbora/GoAuth2/mysqldb/accessToken.go:69.8,69.34 1 1
github.com/Ulbora/GoAuth2/mysqldb/accessToken.go:69.34,72.3 2 1
github.com/Ulbora/GoAuth2/mysqldb/accessToken.go:72.8,75.3 2 1
github.com/Ulbora/GoAuth2/mysqldb/accessToken.go:80.66,81.25 1 1
github.com/Ulbora/GoAuth2/mysqldb/accessToken.go:84.2,88.12 5 1
github.com/Ulbora/GoAuth2/mysqldb/accessToken.go:81.25,83.3 1 1
github.com/Ulbora/GoAuth2/mysqldb/accessToken.go:92.78,94.38 2 1
github.com/Ulbora/GoAuth2/mysqldb/accessToken.go:97.2,99.15 3 1
github.com/Ulbora/GoAuth2/mysqldb/accessToken.go:104.2,104.12 1 1
github.com/Ulbora/GoAuth2/mysqldb/accessToken.go:94.38,96.3 1 1
github.com/Ulbora/GoAuth2/mysqldb/accessToken.go:99.15,101.3 1 1
github.com/Ulbora/GoAuth2/mysqldb/accessToken.go:101.8,103.3 1 1
github.com/Ulbora/GoAuth2/mysqldb/accessToken.go:107.63,109.24 2 1
github.com/Ulbora/GoAuth2/mysqldb/accessToken.go:124.2,124.13 1 1
github.com/Ulbora/GoAuth2/mysqldb/accessToken.go:109.24,111.17 2 1
github.com/Ulbora/GoAuth2/mysqldb/accessToken.go:111.17,113.18 2 1
github.com/Ulbora/GoAuth2/mysqldb/accessToken.go:113.18,117.29 4 1
github.com/Ulbora/GoAuth2/mysqldb/accessToken.go:117.29,120.6 2 1
github.com/Ulbora/GoAuth2/mysqldb/authCodeRevolk.go:32.101,35.38 3 1
github.com/Ulbora/GoAuth2/mysqldb/authCodeRevolk.go:38.2,40.15 3 1
github.com/Ulbora/GoAuth2/mysqldb/authCodeRevolk.go:45.2,45.16 1 1
github.com/Ulbora/GoAuth2/mysqldb/authCodeRevolk.go:35.38,37.3 1 1
github.com/Ulbora/GoAuth2/mysqldb/authCodeRevolk.go:40.15,42.3 1 1
github.com/Ulbora/GoAuth2/mysqldb/authCodeRevolk.go:42.8,44.3 1 1
github.com/Ulbora/GoAuth2/mysqldb/authCodeRevolk.go:49.72,50.25 1 1
github.com/Ulbora/GoAuth2/mysqldb/authCodeRevolk.go:53.2,58.12 6 1
github.com/Ulbora/GoAuth2/mysqldb/authCodeRevolk.go:50.25,52.3 1 1
github.com/Ulbora/GoAuth2/mysqldb/authCodeRevolk.go:62.81,64.38 2 1
github.com/Ulbora/GoAuth2/mysqldb/authCodeRevolk.go:67.2,69.15 3 1
github.com/Ulbora/GoAuth2/mysqldb/authCodeRevolk.go:74.2,74.12 1 1
github.com/Ulbora/GoAuth2/mysqldb/authCodeRevolk.go:64.38,66.3 1 1
github.com/Ulbora/GoAuth2/mysqldb/authCodeRevolk.go:69.15,71.3 1 1
github.com/Ulbora/GoAuth2/mysqldb/authCodeRevolk.go:71.8,73.3 1 1
github.com/Ulbora/GoAuth2/mysqldb/authCodeRevolk.go:77.69,79.24 2 1
github.com/Ulbora/GoAuth2/mysqldb/authCodeRevolk.go:90.2,90.13 1 1
github.com/Ulbora/GoAuth2/mysqldb/authCodeRevolk.go:79.24,81.17 2 1
github.com/Ulbora/GoAuth2/mysqldb/authCodeRevolk.go:81.17,83.18 2 1
github.com/Ulbora/GoAuth2/mysqldb/authCodeRevolk.go:83.18,86.5 2 1
github.com/Ulbora/GoAuth2/mysqldb/implicitGrant.go:33.120,36.25 3 1
github.com/Ulbora/GoAuth2/mysqldb/implicitGrant.go:39.2,43.11 5 1
github.com/Ulbora/GoAuth2/mysqldb/implicitGrant.go:81.2,81.16 1 1
github.com/Ulbora/GoAuth2/mysqldb/implicitGrant.go:36.25,38.3 1 1
github.com/Ulbora/GoAuth2/mysqldb/implicitGrant.go:43.11,50.10 7 1
github.com/Ulbora/GoAuth2/mysqldb/implicitGrant.go:50.10,52.24 2 1
github.com/Ulbora/GoAuth2/mysqldb/implicitGrant.go:66.4,66.13 1 1
github.com/Ulbora/GoAuth2/mysqldb/implicitGrant.go:52.24,53.34 1 1
github.com/Ulbora/GoAuth2/mysqldb/implicitGrant.go:53.34,60.15 7 1
github.com/Ulbora/GoAuth2/mysqldb/implicitGrant.go:60.15,63.7 2 1
github.com/Ulbora/GoAuth2/mysqldb/implicitGrant.go:66.13,69.5 2 1
github.com/Ulbora/GoAuth2/mysqldb/implicitGrant.go:69.10,74.5 4 1
github.com/Ulbora/GoAuth2/mysqldb/implicitGrant.go:75.9,77.4 1 1
github.com/Ulbora/GoAuth2/mysqldb/implicitGrant.go:78.8,80.3 1 1
github.com/Ulbora/GoAuth2/mysqldb/implicitGrant.go:85.93,86.25 1 1
github.com/Ulbora/GoAuth2/mysqldb/implicitGrant.go:89.2,93.40 5 1
github.com/Ulbora/GoAuth2/mysqldb/implicitGrant.go:102.2,103.13 2 1
github.com/Ulbora/GoAuth2/mysqldb/implicitGrant.go:86.25,88.3 1 1
github.com/Ulbora/GoAuth2/mysqldb/implicitGrant.go:93.40,95.28 2 1
github.com/Ulbora/GoAuth2/mysqldb/implicitGrant.go:95.28,99.4 3 1
github.com/Ulbora/GoAuth2/mysqldb/implicitGrant.go:107.114,108.25 1 1
github.com/Ulbora/GoAuth2/mysqldb/implicitGrant.go:111.2,116.40 6 1
github.com/Ulbora/GoAuth2/mysqldb/implicitGrant.go:142.2,143.13 2 1
github.com/Ulbora/GoAuth2/mysqldb/implicitGrant.go:108.25,110.3 1 1
github.com/Ulbora/GoAuth2/mysqldb/implicitGrant.go:116.40,119.28 3 1
github.com/Ulbora/GoAuth2/mysqldb/implicitGrant.go:119.28,123.18 4 1
github.com/Ulbora/GoAuth2/mysqldb/implicitGrant.go:123.18,125.19 2 1
github.com/Ulbora/GoAuth2/mysqldb/implicitGrant.go:125.19,127.20 2 1
github.com/Ulbora/GoAuth2/mysqldb/implicitGrant.go:127.20,136.7 8 1
github.com/Ulbora/GoAuth2/mysqldb/implicitGrant.go:147.80,149.25 2 1
github.com/Ulbora/GoAuth2/mysqldb/implicitGrant.go:152.2,154.29 3 1
github.com/Ulbora/GoAuth2/mysqldb/implicitGrant.go:184.2,184.12 1 1
github.com/Ulbora/GoAuth2/mysqldb/implicitGrant.go:149.25,151.3 1 1
github.com/Ulbora/GoAuth2/mysqldb/implicitGrant.go:154.29,155.16 1 1
github.com/Ulbora/GoAuth2/mysqldb/implicitGrant.go:155.16,160.12 4 1
github.com/Ulbora/GoAuth2/mysqldb/implicitGrant.go:160.12,165.14 5 1
github.com/Ulbora/GoAuth2/mysqldb/implicitGrant.go:165.14,169.15 3 1
github.com/Ulbora/GoAuth2/mysqldb/implicitGrant.go:169.15,172.7 2 1
github.com/Ulbora/GoAuth2/mysqldb/implicitGrant.go:172.12,174.7 1 1
github.com/Ulbora/GoAuth2/mysqldb/implicitGrant.go:176.11,178.6 1 1
github.com/Ulbora/GoAuth2/mysqldb/implicitGrant.go:179.10,181.5 1 1
github.com/Ulbora/GoAuth2/mysqldb/implicitGrant.go:187.67,190.24 3 1
github.com/Ulbora/GoAuth2/mysqldb/implicitGrant.go:206.2,206.13 1 1
github.com/Ulbora/GoAuth2/mysqldb/implicitGrant.go:190.24,192.17 2 1
github.com/Ulbora/GoAuth2/mysqldb/implicitGrant.go:192.17,195.18 2 1
github.com/Ulbora/GoAuth2/mysqldb/implicitGrant.go:195.18,197.19 2 1
github.com/Ulbora/GoAuth2/mysqldb/implicitGrant.go:197.19,202.6 4 1
github.com/Ulbora/GoAuth2/mysqldb/passwordGrant.go:31.122,34.25 3 1
github.com/Ulbora/GoAuth2/mysqldb/passwordGrant.go:37.2,39.33 3 1
github.com/Ulbora/GoAuth2/mysqldb/passwordGrant.go:50.2,50.10 1 1
github.com/Ulbora/GoAuth2/mysqldb/passwordGrant.go:74.2,74.16 1 1
github.com/Ulbora/GoAuth2/mysqldb/passwordGrant.go:34.25,36.3 1 1
github.com/Ulbora/GoAuth2/mysqldb/passwordGrant.go:39.33,43.12 4 1
github.com/Ulbora/GoAuth2/mysqldb/passwordGrant.go:43.12,46.4 2 1
github.com/Ulbora/GoAuth2/mysqldb/passwordGrant.go:47.8,49.3 1 1
github.com/Ulbora/GoAuth2/mysqldb/passwordGrant.go:50.10,54.12 4 1
github.com/Ulbora/GoAuth2/mysqldb/passwordGrant.go:54.12,61.11 7 1
github.com/Ulbora/GoAuth2/mysqldb/passwordGrant.go:61.11,63.5 1 1
github.com/Ulbora/GoAuth2/mysqldb/passwordGrant.go:63.10,67.5 3 1
github.com/Ulbora/GoAuth2/mysqldb/passwordGrant.go:68.9,70.4 1 1
github.com/Ulbora/GoAuth2/mysqldb/passwordGrant.go:71.8,73.3 1 1
github.com/Ulbora/GoAuth2/mysqldb/passwordGrant.go:78.93,79.25 1 1
github.com/Ulbora/GoAuth2/mysqldb/passwordGrant.go:82.2,87.40 6 1
github.com/Ulbora/GoAuth2/mysqldb/passwordGrant.go:113.2,114.13 2 1
github.com/Ulbora/GoAuth2/mysqldb/passwordGrant.go:79.25,81.3 1 1
github.com/Ulbora/GoAuth2/mysqldb/passwordGrant.go:87.40,90.28 3 1
github.com/Ulbora/GoAuth2/mysqldb/passwordGrant.go:90.28,92.25 2 1
github.com/Ulbora/GoAuth2/mysqldb/passwordGrant.go:92.25,95.19 3 1
github.com/Ulbora/GoAuth2/mysqldb/passwordGrant.go:95.19,97.20 2 1
github.com/Ulbora/GoAuth2/mysqldb/passwordGrant.go:97.20,99.21 2 1
github.com/Ulbora/GoAuth2/mysqldb/passwordGrant.go:99.21,107.8 7 1
github.com/Ulbora/GoAuth2/mysqldb/passwordGrant.go:118.80,120.25 2 1
github.com/Ulbora/GoAuth2/mysqldb/passwordGrant.go:123.2,125.30 3 1
github.com/Ulbora/GoAuth2/mysqldb/passwordGrant.go:162.2,162.12 1 1
github.com/Ulbora/GoAuth2/mysqldb/passwordGrant.go:120.25,122.3 1 1
github.com/Ulbora/GoAuth2/mysqldb/passwordGrant.go:125.30,126.16 1 1
github.com/Ulbora/GoAuth2/mysqldb/passwordGrant.go:126.16,130.29 4 1
github.com/Ulbora/GoAuth2/mysqldb/passwordGrant.go:134.4,139.14 6 1
github.com/Ulbora/GoAuth2/mysqldb/passwordGrant.go:130.29,133.5 2 1
github.com/Ulbora/GoAuth2/mysqldb/passwordGrant.go:139.14,142.14 3 1
github.com/Ulbora/GoAuth2/mysqldb/passwordGrant.go:142.14,144.18 2 1
github.com/Ulbora/GoAuth2/mysqldb/passwordGrant.go:148.6,148.14 1 1
github.com/Ulbora/GoAuth2/mysqldb/passwordGrant.go:144.18,147.7 2 1
github.com/Ulbora/GoAuth2/mysqldb/passwordGrant.go:148.14,151.7 2 1
github.com/Ulbora/GoAuth2/mysqldb/passwordGrant.go:151.12,153.7 1 1
github.com/Ulbora/GoAuth2/mysqldb/passwordGrant.go:154.11,156.6 1 1
github.com/Ulbora/GoAuth2/mysqldb/passwordGrant.go:157.10,159.5 1 1
github.com/Ulbora/GoAuth2/mysqldb/redirectUri.go:30.107,33.38 3 1
github.com/Ulbora/GoAuth2/mysqldb/redirectUri.go:36.2,38.15 3 1
github.com/Ulbora/GoAuth2/mysqldb/redirectUri.go:44.2,44.16 1 1
github.com/Ulbora/GoAuth2/mysqldb/redirectUri.go:33.38,35.3 1 1
github.com/Ulbora/GoAuth2/mysqldb/redirectUri.go:38.15,40.3 1 1
github.com/Ulbora/GoAuth2/mysqldb/redirectUri.go:40.8,42.3 1 1
github.com/Ulbora/GoAuth2/mysqldb/redirectUri.go:48.90,49.25 1 1
github.com/Ulbora/GoAuth2/mysqldb/redirectUri.go:52.2,56.40 5 1
github.com/Ulbora/GoAuth2/mysqldb/redirectUri.go:64.2,64.13 1 1
github.com/Ulbora/GoAuth2/mysqldb/redirectUri.go:49.25,51.3 1 1
github.com/Ulbora/GoAuth2/mysqldb/redirectUri.go:56.40,58.28 2 1
github.com/Ulbora/GoAuth2/mysqldb/redirectUri.go:58.28,62.4 3 1
github.com/Ulbora/GoAuth2/mysqldb/redirectUri.go:68.96,69.25 1 1
github.com/Ulbora/GoAuth2/mysqldb/redirectUri.go:72.2,76.12 5 1
github.com/Ulbora/GoAuth2/mysqldb/redirectUri.go:69.25,71.3 1 1
github.com/Ulbora/GoAuth2/mysqldb/redirectUri.go:80.84,82.38 2 1
github.com/Ulbora/GoAuth2/mysqldb/redirectUri.go:85.2,87.15 3 1
github.com/Ulbora/GoAuth2/mysqldb/redirectUri.go:92.2,92.12 1 1
github.com/Ulbora/GoAuth2/mysqldb/redirectUri.go:82.38,84.3 1 1
github.com/Ulbora/GoAuth2/mysqldb/redirectUri.go:87.15,89.3 1 1
github.com/Ulbora/GoAuth2/mysqldb/redirectUri.go:89.8,91.3 1 1
github.com/Ulbora/GoAuth2/mysqldb/redirectUri.go:96.93,98.38 2 1
github.com/Ulbora/GoAuth2/mysqldb/redirectUri.go:101.2,103.15 3 1
github.com/Ulbora/GoAuth2/mysqldb/redirectUri.go:108.2,108.12 1 1
github.com/Ulbora/GoAuth2/mysqldb/redirectUri.go:98.38,100.3 1 1
github.com/Ulbora/GoAuth2/mysqldb/redirectUri.go:103.15,105.3 1 1
github.com/Ulbora/GoAuth2/mysqldb/redirectUri.go:105.8,107.3 1 1
github.com/Ulbora/GoAuth2/mysqldb/redirectUri.go:111.67,113.24 2 1
github.com/Ulbora/GoAuth2/mysqldb/redirectUri.go:124.2,124.13 1 1
github.com/Ulbora/GoAuth2/mysqldb/redirectUri.go:113.24,115.17 2 1
github.com/Ulbora/GoAuth2/mysqldb/redirectUri.go:115.17,117.18 2 1
github.com/Ulbora/GoAuth2/mysqldb/redirectUri.go:117.18,121.5 3 1
github.com/Ulbora/GoAuth2/mysqldb/authorizationCode.go:32.152,35.25 3 1
github.com/Ulbora/GoAuth2/mysqldb/authorizationCode.go:38.2,40.33 3 1
github.com/Ulbora/GoAuth2/mysqldb/authorizationCode.go:51.2,51.10 1 1
github.com/Ulbora/GoAuth2/mysqldb/authorizationCode.go:98.2,98.16 1 1
github.com/Ulbora/GoAuth2/mysqldb/authorizationCode.go:35.25,37.3 1 1
github.com/Ulbora/GoAuth2/mysqldb/authorizationCode.go:40.33,44.12 4 1
github.com/Ulbora/GoAuth2/mysqldb/authorizationCode.go:44.12,47.4 2 1
github.com/Ulbora/GoAuth2/mysqldb/authorizationCode.go:48.8,50.3 1 1
github.com/Ulbora/GoAuth2/mysqldb/authorizationCode.go:51.10,56.12 4 1
github.com/Ulbora/GoAuth2/mysqldb/authorizationCode.go:56.12,63.11 7 1
github.com/Ulbora/GoAuth2/mysqldb/authorizationCode.go:63.11,66.25 2 1
github.com/Ulbora/GoAuth2/mysqldb/authorizationCode.go:80.5,80.14 1 1
github.com/Ulbora/GoAuth2/mysqldb/authorizationCode.go:66.25,67.35 1 1
github.com/Ulbora/GoAuth2/mysqldb/authorizationCode.go:67.35,74.16 7 1
github.com/Ulbora/GoAuth2/mysqldb/authorizationCode.go:74.16,77.8 2 1
github.com/Ulbora/GoAuth2/mysqldb/authorizationCode.go:80.14,83.6 2 1
github.com/Ulbora/GoAuth2/mysqldb/authorizationCode.go:83.11,88.6 4 1
github.com/Ulbora/GoAuth2/mysqldb/authorizationCode.go:89.10,91.5 1 1
github.com/Ulbora/GoAuth2/mysqldb/authorizationCode.go:92.9,94.4 1 1
github.com/Ulbora/GoAuth2/mysqldb/authorizationCode.go:95.8,97.3 1 1
github.com/Ulbora/GoAuth2/mysqldb/authorizationCode.go:102.82,103.25 1 1
github.com/Ulbora/GoAuth2/mysqldb/authorizationCode.go:106.2,109.12 4 1
github.com/Ulbora/GoAuth2/mysqldb/authorizationCode.go:103.25,105.3 1 1
github.com/Ulbora/GoAuth2/mysqldb/authorizationCode.go:113.111,115.25 2 1
github.com/Ulbora/GoAuth2/mysqldb/authorizationCode.go:118.2,120.9 3 1
github.com/Ulbora/GoAuth2/mysqldb/authorizationCode.go:133.2,133.12 1 1
github.com/Ulbora/GoAuth2/mysqldb/authorizationCode.go:115.25,117.3 1 1
github.com/Ulbora/GoAuth2/mysqldb/authorizationCode.go:120.9,124.10 4 1
github.com/Ulbora/GoAuth2/mysqldb/authorizationCode.go:124.10,127.4 2 1
github.com/Ulbora/GoAuth2/mysqldb/authorizationCode.go:127.9,129.4 1 1
github.com/Ulbora/GoAuth2/mysqldb/authorizationCode.go:130.8,132.3 1 1
github.com/Ulbora/GoAuth2/mysqldb/authorizationCode.go:137.101,138.25 1 1
github.com/Ulbora/GoAuth2/mysqldb/authorizationCode.go:141.2,145.40 5 1
github.com/Ulbora/GoAuth2/mysqldb/authorizationCode.go:154.2,155.13 2 1
github.com/Ulbora/GoAuth2/mysqldb/authorizationCode.go:138.25,140.3 1 1
github.com/Ulbora/GoAuth2/mysqldb/authorizationCode.go:145.40,147.28 2 1
github.com/Ulbora/GoAuth2/mysqldb/authorizationCode.go:147.28,151.4 3 1
github.com/Ulbora/GoAuth2/mysqldb/authorizationCode.go:159.122,160.25 1 1
github.com/Ulbora/GoAuth2/mysqldb/authorizationCode.go:163.2,168.40 6 1
github.com/Ulbora/GoAuth2/mysqldb/authorizationCode.go:196.2,197.13 2 1
github.com/Ulbora/GoAuth2/mysqldb/authorizationCode.go:160.25,162.3 1 1
github.com/Ulbora/GoAuth2/mysqldb/authorizationCode.go:168.40,171.28 3 1
github.com/Ulbora/GoAuth2/mysqldb/authorizationCode.go:171.28,175.18 4 1
github.com/Ulbora/GoAuth2/mysqldb/authorizationCode.go:175.18,177.19 2 1
github.com/Ulbora/GoAuth2/mysqldb/authorizationCode.go:177.19,189.6 9 1
github.com/Ulbora/GoAuth2/mysqldb/authorizationCode.go:201.87,202.25 1 1
github.com/Ulbora/GoAuth2/mysqldb/authorizationCode.go:205.2,210.12 6 1
github.com/Ulbora/GoAuth2/mysqldb/authorizationCode.go:202.25,204.3 1 1
github.com/Ulbora/GoAuth2/mysqldb/authorizationCode.go:214.84,216.25 2 1
github.com/Ulbora/GoAuth2/mysqldb/authorizationCode.go:220.2,222.35 3 1
github.com/Ulbora/GoAuth2/mysqldb/authorizationCode.go:274.2,274.12 1 1
github.com/Ulbora/GoAuth2/mysqldb/authorizationCode.go:216.25,218.3 1 1
github.com/Ulbora/GoAuth2/mysqldb/authorizationCode.go:222.35,223.34 1 1
github.com/Ulbora/GoAuth2/mysqldb/authorizationCode.go:223.34,226.29 3 1
github.com/Ulbora/GoAuth2/mysqldb/authorizationCode.go:230.4,234.14 4 1
github.com/Ulbora/GoAuth2/mysqldb/authorizationCode.go:226.29,229.5 2 1
github.com/Ulbora/GoAuth2/mysqldb/authorizationCode.go:234.14,238.13 3 1
github.com/Ulbora/GoAuth2/mysqldb/authorizationCode.go:238.13,245.15 5 1
github.com/Ulbora/GoAuth2/mysqldb/authorizationCode.go:245.15,248.16 3 1
github.com/Ulbora/GoAuth2/mysqldb/authorizationCode.go:248.16,250.20 2 1
github.com/Ulbora/GoAuth2/mysqldb/authorizationCode.go:254.8,254.16 1 1
github.com/Ulbora/GoAuth2/mysqldb/authorizationCode.go:250.20,253.9 2 1
github.com/Ulbora/GoAuth2/mysqldb/authorizationCode.go:254.16,257.9 2 1
github.com/Ulbora/GoAuth2/mysqldb/authorizationCode.go:257.14,259.9 1 1
github.com/Ulbora/GoAuth2/mysqldb/authorizationCode.go:260.13,262.8 1 1
github.com/Ulbora/GoAuth2/mysqldb/authorizationCode.go:263.12,265.7 1 1
github.com/Ulbora/GoAuth2/mysqldb/authorizationCode.go:266.11,268.6 1 1
github.com/Ulbora/GoAuth2/mysqldb/authorizationCode.go:269.10,271.5 1 1
github.com/Ulbora/GoAuth2/mysqldb/authorizationCode.go:277.66,280.24 3 1
github.com/Ulbora/GoAuth2/mysqldb/authorizationCode.go:308.2,308.13 1 1
github.com/Ulbora/GoAuth2/mysqldb/authorizationCode.go:280.24,282.17 2 1
github.com/Ulbora/GoAuth2/mysqldb/authorizationCode.go:282.17,285.18 2 1
github.com/Ulbora/GoAuth2/mysqldb/authorizationCode.go:285.18,292.19 3 1
github.com/Ulbora/GoAuth2/mysqldb/authorizationCode.go:292.19,294.20 2 1
github.com/Ulbora/GoAuth2/mysqldb/authorizationCode.go:294.20,302.7 7 1
github.com/Ulbora/GoAuth2/mysqldb/credentialsGrant.go:33.105,36.25 3 1
github.com/Ulbora/GoAuth2/mysqldb/credentialsGrant.go:39.2,43.11 5 1
github.com/Ulbora/GoAuth2/mysqldb/credentialsGrant.go:61.2,61.16 1 1
github.com/Ulbora/GoAuth2/mysqldb/credentialsGrant.go:36.25,38.3 1 1
github.com/Ulbora/GoAuth2/mysqldb/credentialsGrant.go:43.11,50.10 7 1
github.com/Ulbora/GoAuth2/mysqldb/credentialsGrant.go:50.10,52.4 1 1
github.com/Ulbora/GoAuth2/mysqldb/credentialsGrant.go:52.9,57.4 4 1
github.com/Ulbora/GoAuth2/mysqldb/credentialsGrant.go:58.8,60.3 1 1
github.com/Ulbora/GoAuth2/mysqldb/credentialsGrant.go:65.84,66.25 1 1
github.com/Ulbora/GoAuth2/mysqldb/credentialsGrant.go:69.2,73.40 5 1
github.com/Ulbora/GoAuth2/mysqldb/credentialsGrant.go:98.2,99.13 2 1
github.com/Ulbora/GoAuth2/mysqldb/credentialsGrant.go:66.25,68.3 1 1
github.com/Ulbora/GoAuth2/mysqldb/credentialsGrant.go:73.40,76.28 3 1
github.com/Ulbora/GoAuth2/mysqldb/credentialsGrant.go:76.28,78.25 2 1
github.com/Ulbora/GoAuth2/mysqldb/credentialsGrant.go:78.25,81.19 3 1
github.com/Ulbora/GoAuth2/mysqldb/credentialsGrant.go:81.19,83.20 2 1
github.com/Ulbora/GoAuth2/mysqldb/credentialsGrant.go:83.20,85.21 2 1
github.com/Ulbora/GoAuth2/mysqldb/credentialsGrant.go:85.21,92.8 6 1
github.com/Ulbora/GoAuth2/mysqldb/credentialsGrant.go:103.68,105.25 2 1
github.com/Ulbora/GoAuth2/mysqldb/credentialsGrant.go:108.2,110.29 3 1
github.com/Ulbora/GoAuth2/mysqldb/credentialsGrant.go:131.2,131.12 1 1
github.com/Ulbora/GoAuth2/mysqldb/credentialsGrant.go:105.25,107.3 1 1
github.com/Ulbora/GoAuth2/mysqldb/credentialsGrant.go:110.29,111.16 1 1
github.com/Ulbora/GoAuth2/mysqldb/credentialsGrant.go:111.16,117.13 6 1
github.com/Ulbora/GoAuth2/mysqldb/credentialsGrant.go:117.13,120.14 3 1
github.com/Ulbora/GoAuth2/mysqldb/credentialsGrant.go:120.14,123.6 2 1
github.com/Ulbora/GoAuth2/mysqldb/credentialsGrant.go:123.11,125.6 1 1
github.com/Ulbora/GoAuth2/mysqldb/credentialsGrant.go:126.10,128.5 1 1
github.com/Ulbora/GoAuth2/mysqldb/roleUri.go:30.68,31.25 1 1
github.com/Ulbora/GoAuth2/mysqldb/roleUri.go:34.2,37.12 4 1
github.com/Ulbora/GoAuth2/mysqldb/roleUri.go:31.25,33.3 1 1
github.com/Ulbora/GoAuth2/mysqldb/roleUri.go:41.87,43.25 2 1
github.com/Ulbora/GoAuth2/mysqldb/roleUri.go:46.2,49.40 4 1
github.com/Ulbora/GoAuth2/mysqldb/roleUri.go:57.2,57.13 1 1
github.com/Ulbora/GoAuth2/mysqldb/roleUri.go:43.25,45.3 1 1
github.com/Ulbora/GoAuth2/mysqldb/roleUri.go:49.40,51.28 2 1
github.com/Ulbora/GoAuth2/mysqldb/roleUri.go:51.28,55.4 3 1
github.com/Ulbora/GoAuth2/mysqldb/roleUri.go:61.93,63.25 2 1
github.com/Ulbora/GoAuth2/mysqldb/roleUri.go:66.2,69.40 4 1
github.com/Ulbora/GoAuth2/mysqldb/roleUri.go:77.2,77.13 1 1
github.com/Ulbora/GoAuth2/mysqldb/roleUri.go:63.25,65.3 1 1
github.com/Ulbora/GoAuth2/mysqldb/roleUri.go:69.40,71.28 2 1
github.com/Ulbora/GoAuth2/mysqldb/roleUri.go:71.28,75.4 3 1
github.com/Ulbora/GoAuth2/mysqldb/roleUri.go:81.71,82.25 1 1
github.com/Ulbora/GoAuth2/mysqldb/roleUri.go:85.2,87.41 3 1
github.com/Ulbora/GoAuth2/mysqldb/roleUri.go:82.25,84.3 1 1
github.com/Ulbora/GoAuth2/mysqldb/roleUri.go:90.60,93.16 3 1
github.com/Ulbora/GoAuth2/mysqldb/roleUri.go:101.2,101.13 1 1
github.com/Ulbora/GoAuth2/mysqldb/roleUri.go:93.16,95.17 2 1
github.com/Ulbora/GoAuth2/mysqldb/roleUri.go:95.17,99.4 2 1
github.com/Ulbora/GoAuth2/mysqldb/roleUri.go:104.60,106.24 2 1
github.com/Ulbora/GoAuth2/mysqldb/roleUri.go:122.2,122.13 1 1
github.com/Ulbora/GoAuth2/mysqldb/roleUri.go:106.24,108.17 2 1
github.com/Ulbora/GoAuth2/mysqldb/roleUri.go:108.17,110.18 2 1
github.com/Ulbora/GoAuth2/mysqldb/roleUri.go:110.18,112.19 2 1
github.com/Ulbora/GoAuth2/mysqldb/roleUri.go:112.19,118.6 5 1
github.com/Ulbora/GoAuth2/mysqldb/roles.go:30.71,31.25 1 1
github.com/Ulbora/GoAuth2/mysqldb/roles.go:34.2,37.16 4 1
github.com/Ulbora/GoAuth2/mysqldb/roles.go:31.25,33.3 1 1
github.com/Ulbora/GoAuth2/mysqldb/roles.go:41.76,42.25 1 1
github.com/Ulbora/GoAuth2/mysqldb/roles.go:45.2,49.40 5 1
github.com/Ulbora/GoAuth2/mysqldb/roles.go:57.2,57.13 1 1
github.com/Ulbora/GoAuth2/mysqldb/roles.go:42.25,44.3 1 1
github.com/Ulbora/GoAuth2/mysqldb/roles.go:49.40,51.28 2 1
github.com/Ulbora/GoAuth2/mysqldb/roles.go:51.28,55.4 3 1
github.com/Ulbora/GoAuth2/mysqldb/roles.go:61.56,62.25 1 1
github.com/Ulbora/GoAuth2/mysqldb/roles.go:65.2,67.38 3 1
github.com/Ulbora/GoAuth2/mysqldb/roles.go:62.25,64.3 1 1
github.com/Ulbora/GoAuth2/mysqldb/roles.go:70.61,72.24 2 1
github.com/Ulbora/GoAuth2/mysqldb/roles.go:83.2,83.13 1 1
github.com/Ulbora/GoAuth2/mysqldb/roles.go:72.24,74.17 2 1
github.com/Ulbora/GoAuth2/mysqldb/roles.go:74.17,76.18 2 1
github.com/Ulbora/GoAuth2/mysqldb/roles.go:76.18,80.5 3 1
github.com/Ulbora/GoAuth2/mysqldb/allowedUri.go:30.84,31.25 1 1
github.com/Ulbora/GoAuth2/mysqldb/allowedUri.go:34.2,37.16 4 1
github.com/Ulbora/GoAuth2/mysqldb/allowedUri.go:31.25,33.3 1 1
github.com/Ulbora/GoAuth2/mysqldb/allowedUri.go:41.78,42.25 1 1
github.com/Ulbora/GoAuth2/mysqldb/allowedUri.go:45.2,48.12 4 1
github.com/Ulbora/GoAuth2/mysqldb/allowedUri.go:42.25,44.3 1 1
github.com/Ulbora/GoAuth2/mysqldb/allowedUri.go:52.80,53.25 1 1
github.com/Ulbora/GoAuth2/mysqldb/allowedUri.go:56.2,60.12 5 1
github.com/Ulbora/GoAuth2/mysqldb/allowedUri.go:53.25,55.3 1 1
github.com/Ulbora/GoAuth2/mysqldb/allowedUri.go:64.88,65.25 1 1
github.com/Ulbora/GoAuth2/mysqldb/allowedUri.go:68.2,72.40 5 1
github.com/Ulbora/GoAuth2/mysqldb/allowedUri.go:80.2,80.13 1 1
github.com/Ulbora/GoAuth2/mysqldb/allowedUri.go:65.25,67.3 1 1
github.com/Ulbora/GoAuth2/mysqldb/allowedUri.go:72.40,74.28 2 1
github.com/Ulbora/GoAuth2/mysqldb/allowedUri.go:74.28,78.4 3 1
github.com/Ulbora/GoAuth2/mysqldb/allowedUri.go:84.94,85.25 1 1
github.com/Ulbora/GoAuth2/mysqldb/allowedUri.go:88.2,92.12 5 1
github.com/Ulbora/GoAuth2/mysqldb/allowedUri.go:85.25,87.3 1 1
github.com/Ulbora/GoAuth2/mysqldb/allowedUri.go:96.62,97.25 1 1
github.com/Ulbora/GoAuth2/mysqldb/allowedUri.go:100.2,102.44 3 1
github.com/Ulbora/GoAuth2/mysqldb/allowedUri.go:97.25,99.3 1 1
github.com/Ulbora/GoAuth2/mysqldb/allowedUri.go:105.73,107.24 2 1
github.com/Ulbora/GoAuth2/mysqldb/allowedUri.go:118.2,118.13 1 1
github.com/Ulbora/GoAuth2/mysqldb/allowedUri.go:107.24,109.17 2 1
github.com/Ulbora/GoAuth2/mysqldb/allowedUri.go:109.17,111.18 2 1
github.com/Ulbora/GoAuth2/mysqldb/allowedUri.go:111.18,115.5 3 1
github.com/Ulbora/GoAuth2/mysqldb/client.go:33.99,36.25 2 1
github.com/Ulbora/GoAuth2/mysqldb/client.go:39.2,44.21 6 1
github.com/Ulbora/GoAuth2/mysqldb/client.go:70.2,70.11 1 1
github.com/Ulbora/GoAuth2/mysqldb/client.go:74.2,74.17 1 1
github.com/Ulbora/GoAuth2/mysqldb/client.go:36.25,38.3 1 1
github.com/Ulbora/GoAuth2/mysqldb/client.go:44.21,47.36 1 1
github.com/Ulbora/GoAuth2/mysqldb/client.go:47.36,48.28 1 1
github.com/Ulbora/GoAuth2/mysqldb/client.go:48.28,59.26 3 1
github.com/Ulbora/GoAuth2/mysqldb/client.go:59.26,62.11 3 1
github.com/Ulbora/GoAuth2/mysqldb/client.go:66.8,69.3 2 1
github.com/Ulbora/GoAuth2/mysqldb/client.go:70.11,73.3 2 1
github.com/Ulbora/GoAuth2/mysqldb/client.go:96.62,97.25 1 1
github.com/Ulbora/GoAuth2/mysqldb/client.go:100.2,103.12 4 1
github.com/Ulbora/GoAuth2/mysqldb/client.go:97.25,99.3 1 1
github.com/Ulbora/GoAuth2/mysqldb/client.go:107.62,109.25 2 1
github.com/Ulbora/GoAuth2/mysqldb/client.go:112.2,115.37 4 1
github.com/Ulbora/GoAuth2/mysqldb/client.go:130.2,130.12 1 1
github.com/Ulbora/GoAuth2/mysqldb/client.go:109.25,111.3 1 1
github.com/Ulbora/GoAuth2/mysqldb/client.go:115.37,128.3 2 1
github.com/Ulbora/GoAuth2/mysqldb/client.go:134.51,136.25 2 1
github.com/Ulbora/GoAuth2/mysqldb/client.go:139.2,141.40 3 1
github.com/Ulbora/GoAuth2/mysqldb/client.go:151.2,151.13 1 1
github.com/Ulbora/GoAuth2/mysqldb/client.go:136.25,138.3 1 1
github.com/Ulbora/GoAuth2/mysqldb/client.go:141.40,143.28 2 1
github.com/Ulbora/GoAuth2/mysqldb/client.go:143.28,147.4 3 1
github.com/Ulbora/GoAuth2/mysqldb/client.go:154.53,156.24 2 1
github.com/Ulbora/GoAuth2/mysqldb/client.go:168.2,168.13 1 1
github.com/Ulbora/GoAuth2/mysqldb/client.go:156.24,158.17 2 1
github.com/Ulbora/GoAuth2/mysqldb/client.go:158.17,166.4 7 1
github.com/Ulbora/GoAuth2/mysqldb/client.go:172.65,174.25 2 1
github.com/Ulbora/GoAuth2/mysqldb/client.go:177.2,180.40 4 1
github.com/Ulbora/GoAuth2/mysqldb/client.go:189.2,189.13 1 1
github.com/Ulbora/GoAuth2/mysqldb/client.go:174.25,176.3 1 1
github.com/Ulbora/GoAuth2/mysqldb/client.go:180.40,182.28 2 1
github.com/Ulbora/GoAuth2/mysqldb/client.go:182.28,186.4 3 1
github.com/Ulbora/GoAuth2/mysqldb/client.go:193.58,195.25 2 1
github.com/Ulbora/GoAuth2/mysqldb/client.go:198.2,205.10 4 1
github.com/Ulbora/GoAuth2/mysqldb/client.go:217.2,217.11 1 1
github.com/Ulbora/GoAuth2/mysqldb/client.go:222.2,222.12 1 1
github.com/Ulbora/GoAuth2/mysqldb/client.go:195.25,197.3 1 1
github.com/Ulbora/GoAuth2/mysqldb/client.go:205.10,209.12 4 1
github.com/Ulbora/GoAuth2/mysqldb/client.go:209.12,212.4 2 1
github.com/Ulbora/GoAuth2/mysqldb/client.go:213.8,216.3 2 1
github.com/Ulbora/GoAuth2/mysqldb/client.go:217.11,220.3 2 1
github.com/Ulbora/GoAuth2/mysqldb/clientGrantType.go:30.82,31.25 1 1
github.com/Ulbora/GoAuth2/mysqldb/clientGrantType.go:34.2,37.16 4 1
github.com/Ulbora/GoAuth2/mysqldb/clientGrantType.go:31.25,33.3 1 1
github.com/Ulbora/GoAuth2/mysqldb/clientGrantType.go:41.86,42.25 1 1
github.com/Ulbora/GoAuth2/mysqldb/clientGrantType.go:45.2,49.40 5 1
github.com/Ulbora/GoAuth2/mysqldb/clientGrantType.go:57.2,57.13 1 1
github.com/Ulbora/GoAuth2/mysqldb/clientGrantType.go:42.25,44.3 1 1
github.com/Ulbora/GoAuth2/mysqldb/clientGrantType.go:49.40,51.28 2 1
github.com/Ulbora/GoAuth2/mysqldb/clientGrantType.go:51.28,55.4 3 1
github.com/Ulbora/GoAuth2/mysqldb/clientGrantType.go:61.61,62.25 1 1
github.com/Ulbora/GoAuth2/mysqldb/clientGrantType.go:65.2,67.49 3 1
github.com/Ulbora/GoAuth2/mysqldb/clientGrantType.go:62.25,64.3 1 1
github.com/Ulbora/GoAuth2/mysqldb/clientGrantType.go:70.68,72.24 2 1
github.com/Ulbora/GoAuth2/mysqldb/clientGrantType.go:83.2,83.13 1 1
github.com/Ulbora/GoAuth2/mysqldb/clientGrantType.go:72.24,74.17 2 1
github.com/Ulbora/GoAuth2/mysqldb/clientGrantType.go:74.17,76.18 2 1
github.com/Ulbora/GoAuth2/mysqldb/clientGrantType.go:76.18,80.5 3 1
github.com/Ulbora/GoAuth2/mysqldb/implicitGrantScope.go:31.105,34.15 3 1
github.com/Ulbora/GoAuth2/mysqldb/implicitGrantScope.go:39.2,39.16 1 1
github.com/Ulbora/GoAuth2/mysqldb/implicitGrantScope.go:34.15,38.3 3 1
github.com/Ulbora/GoAuth2/mysqldb/implicitGrantScope.go:43.81,44.25 1 1
github.com/Ulbora/GoAuth2/mysqldb/implicitGrantScope.go:47.2,51.40 5 1
github.com/Ulbora/GoAuth2/mysqldb/implicitGrantScope.go:70.2,70.13 1 1
github.com/Ulbora/GoAuth2/mysqldb/implicitGrantScope.go:44.25,46.3 1 1
github.com/Ulbora/GoAuth2/mysqldb/implicitGrantScope.go:51.40,53.28 2 1
github.com/Ulbora/GoAuth2/mysqldb/implicitGrantScope.go:53.28,55.25 2 1
github.com/Ulbora/GoAuth2/mysqldb/implicitGrantScope.go:55.25,58.19 3 1
github.com/Ulbora/GoAuth2/mysqldb/implicitGrantScope.go:66.5,66.27 1 1
github.com/Ulbora/GoAuth2/mysqldb/implicitGrantScope.go:58.19,60.20 2 1
github.com/Ulbora/GoAuth2/mysqldb/implicitGrantScope.go:60.20,64.7 3 1
github.com/Ulbora/GoAuth2/mysqldb/implicitGrantScope.go:74.89,76.15 2 1
github.com/Ulbora/GoAuth2/mysqldb/implicitGrantScope.go:81.2,81.12 1 1
github.com/Ulbora/GoAuth2/mysqldb/implicitGrantScope.go:76.15,80.3 3 1
github.com/Ulbora/GoAuth2/mysqldb/keys.go:24.51,26.25 2 1
github.com/Ulbora/GoAuth2/mysqldb/keys.go:29.2,31.22 3 1
github.com/Ulbora/GoAuth2/mysqldb/keys.go:34.2,34.12 1 1
github.com/Ulbora/GoAuth2/mysqldb/keys.go:26.25,28.3 1 1
github.com/Ulbora/GoAuth2/mysqldb/keys.go:31.22,33.3 1 1
github.com/Ulbora/GoAuth2/mysqldb/keys.go:38.52,40.25 2 1
github.com/Ulbora/GoAuth2/mysqldb/keys.go:43.2,45.22 3 1
github.com/Ulbora/GoAuth2/mysqldb/keys.go:48.2,48.12 1 1
github.com/Ulbora/GoAuth2/mysqldb/keys.go:40.25,42.3 1 1
github.com/Ulbora/GoAuth2/mysqldb/keys.go:45.22,47.3 1 1
github.com/Ulbora/GoAuth2/mysqldb/keys.go:52.47,54.25 2 1
github.com/Ulbora/GoAuth2/mysqldb/keys.go:57.2,59.22 3 1
github.com/Ulbora/GoAuth2/mysqldb/keys.go:62.2,62.12 1 1
github.com/Ulbora/GoAuth2/mysqldb/keys.go:54.25,56.3 1 1
github.com/Ulbora/GoAuth2/mysqldb/keys.go:59.22,61.3 1 1
github.com/Ulbora/GoAuth2/mysqldb/oauthDb.go:34.46,41.26 7 1
github.com/Ulbora/GoAuth2/mysqldb/oauthDb.go:53.2,53.12 1 1
github.com/Ulbora/GoAuth2/mysqldb/oauthDb.go:41.26,46.17 3 1
github.com/Ulbora/GoAuth2/mysqldb/oauthDb.go:49.3,49.20 1 1
github.com/Ulbora/GoAuth2/mysqldb/oauthDb.go:46.17,48.4 1 1
github.com/Ulbora/GoAuth2/mysqldb/oauthDb.go:49.20,51.4 1 1
github.com/Ulbora/GoAuth2/mysqldb/authCodeScope.go:31.99,34.15 3 1
github.com/Ulbora/GoAuth2/mysqldb/authCodeScope.go:39.2,39.16 1 1
github.com/Ulbora/GoAuth2/mysqldb/authCodeScope.go:34.15,38.3 3 1
github.com/Ulbora/GoAuth2/mysqldb/authCodeScope.go:43.85,44.25 1 1
github.com/Ulbora/GoAuth2/mysqldb/authCodeScope.go:47.2,51.40 5 1
github.com/Ulbora/GoAuth2/mysqldb/authCodeScope.go:70.2,70.13 1 1
github.com/Ulbora/GoAuth2/mysqldb/authCodeScope.go:44.25,46.3 1 1
github.com/Ulbora/GoAuth2/mysqldb/authCodeScope.go:51.40,53.28 2 1
github.com/Ulbora/GoAuth2/mysqldb/authCodeScope.go:53.28,56.25 3 1
github.com/Ulbora/GoAuth2/mysqldb/authCodeScope.go:56.25,58.19 2 1
github.com/Ulbora/GoAuth2/mysqldb/authCodeScope.go:66.5,66.27 1 1
github.com/Ulbora/GoAuth2/mysqldb/authCodeScope.go:58.19,60.20 2 1
github.com/Ulbora/GoAuth2/mysqldb/authCodeScope.go:60.20,64.7 3 1
github.com/Ulbora/GoAuth2/mysqldb/authCodeScope.go:74.84,76.15 2 1
github.com/Ulbora/GoAuth2/mysqldb/authCodeScope.go:81.2,81.12 1 1
github.com/Ulbora/GoAuth2/mysqldb/authCodeScope.go:76.15,80.3 3 1
github.com/Ulbora/GoAuth2/mysqldb/refreshToken.go:31.96,34.38 3 1
github.com/Ulbora/GoAuth2/mysqldb/refreshToken.go:37.2,39.15 3 1
github.com/Ulbora/GoAuth2/mysqldb/refreshToken.go:44.2,44.16 1 1
github.com/Ulbora/GoAuth2/mysqldb/refreshToken.go:34.38,36.3 1 1
github.com/Ulbora/GoAuth2/mysqldb/refreshToken.go:39.15,41.3 1 1
github.com/Ulbora/GoAuth2/mysqldb/refreshToken.go:41.8,43.3 1 1
github.com/Ulbora/GoAuth2/mysqldb/refreshToken.go:48.69,49.25 1 1
github.com/Ulbora/GoAuth2/mysqldb/refreshToken.go:52.2,55.12 4 1
github.com/Ulbora/GoAuth2/mysqldb/refreshToken.go:49.25,51.3 1 1
github.com/Ulbora/GoAuth2/mysqldb/refreshToken.go:59.68,60.25 1 1
github.com/Ulbora/GoAuth2/mysqldb/refreshToken.go:63.2,67.12 5 1
github.com/Ulbora/GoAuth2/mysqldb/refreshToken.go:60.25,62.3 1 1
github.com/Ulbora/GoAuth2/mysqldb/refreshToken.go:71.79,73.38 2 1
github.com/Ulbora/GoAuth2/mysqldb/refreshToken.go:76.2,78.15 3 1
github.com/Ulbora/GoAuth2/mysqldb/refreshToken.go:83.2,83.12 1 1
github.com/Ulbora/GoAuth2/mysqldb/refreshToken.go:73.38,75.3 1 1
github.com/Ulbora/GoAuth2/mysqldb/refreshToken.go:78.15,80.3 1 1
github.com/Ulbora/GoAuth2/mysqldb/refreshToken.go:80.8,82.3 1 1
github.com/Ulbora/GoAuth2/mysqldb/refreshToken.go:86.65,88.24 2 1
github.com/Ulbora/GoAuth2/mysqldb/refreshToken.go:95.2,95.13 1 1
github.com/Ulbora/GoAuth2/mysqldb/refreshToken.go:88.24,90.17 2 1
github.com/Ulbora/GoAuth2/mysqldb/refreshToken.go:90.17,93.4 2 1
github.com/Ulbora/GoAuth2/mysqldb/scope.go:30.73,31.25 1 1
github.com/Ulbora/GoAuth2/mysqldb/scope.go:34.2,37.16 4 1
github.com/Ulbora/GoAuth2/mysqldb/scope.go:31.25,33.3 1 1
github.com/Ulbora/GoAuth2/mysqldb/scope.go:41.78,42.25 1 1
github.com/Ulbora/GoAuth2/mysqldb/scope.go:45.2,49.40 5 1
github.com/Ulbora/GoAuth2/mysqldb/scope.go:57.2,57.13 1 1
github.com/Ulbora/GoAuth2/mysqldb/scope.go:42.25,44.3 1 1
github.com/Ulbora/GoAuth2/mysqldb/scope.go:49.40,51.28 2 1
github.com/Ulbora/GoAuth2/mysqldb/scope.go:51.28,55.4 3 1
github.com/Ulbora/GoAuth2/mysqldb/scope.go:61.57,62.25 1 1
github.com/Ulbora/GoAuth2/mysqldb/scope.go:65.2,67.39 3 1
github.com/Ulbora/GoAuth2/mysqldb/scope.go:62.25,64.3 1 1
github.com/Ulbora/GoAuth2/mysqldb/scope.go:70.63,72.24 2 1
github.com/Ulbora/GoAuth2/mysqldb/scope.go:83.2,83.13 1 1
github.com/Ulbora/GoAuth2/mysqldb/scope.go:72.24,74.17 2 1
github.com/Ulbora/GoAuth2/mysqldb/scope.go:74.17,76.18 2 1
github.com/Ulbora/GoAuth2/mysqldb/scope.go:76.18,80.5 3 1
