mode: set
github.com/Ulbora/GoAuth2/managers/accessTokenManager.go:24.64,27.15 3 1
github.com/Ulbora/GoAuth2/managers/accessTokenManager.go:34.2,34.14 1 1
github.com/Ulbora/GoAuth2/managers/accessTokenManager.go:27.15,33.3 5 1
github.com/Ulbora/GoAuth2/managers/authorizationManager.go:52.110,54.20 2 1
github.com/Ulbora/GoAuth2/managers/authorizationManager.go:91.2,91.42 1 1
github.com/Ulbora/GoAuth2/managers/authorizationManager.go:54.20,56.17 2 1
github.com/Ulbora/GoAuth2/managers/authorizationManager.go:56.17,59.12 3 1
github.com/Ulbora/GoAuth2/managers/authorizationManager.go:59.12,63.62 4 1
github.com/Ulbora/GoAuth2/managers/authorizationManager.go:63.62,67.35 4 1
github.com/Ulbora/GoAuth2/managers/authorizationManager.go:73.6,74.35 2 1
github.com/Ulbora/GoAuth2/managers/authorizationManager.go:77.6,77.20 1 1
github.com/Ulbora/GoAuth2/managers/authorizationManager.go:67.35,68.30 1 1
github.com/Ulbora/GoAuth2/managers/authorizationManager.go:68.30,70.13 2 1
github.com/Ulbora/GoAuth2/managers/authorizationManager.go:74.35,76.7 1 1
github.com/Ulbora/GoAuth2/managers/authorizationManager.go:77.20,79.7 1 1
github.com/Ulbora/GoAuth2/managers/authorizationManager.go:79.12,82.7 2 1
github.com/Ulbora/GoAuth2/managers/authorizationManager.go:83.11,86.6 2 1
github.com/Ulbora/GoAuth2/managers/authorizationManager.go:94.161,96.22 2 1
github.com/Ulbora/GoAuth2/managers/authorizationManager.go:102.2,102.11 1 1
github.com/Ulbora/GoAuth2/managers/authorizationManager.go:152.2,152.42 1 1
github.com/Ulbora/GoAuth2/managers/authorizationManager.go:96.22,99.3 2 1
github.com/Ulbora/GoAuth2/managers/authorizationManager.go:99.8,101.3 1 1
github.com/Ulbora/GoAuth2/managers/authorizationManager.go:102.11,105.21 3 1
github.com/Ulbora/GoAuth2/managers/authorizationManager.go:105.21,119.25 14 1
github.com/Ulbora/GoAuth2/managers/authorizationManager.go:119.25,136.14 15 1
github.com/Ulbora/GoAuth2/managers/authorizationManager.go:136.14,143.14 7 1
github.com/Ulbora/GoAuth2/managers/authorizationManager.go:143.14,147.7 3 1
github.com/Ulbora/GoAuth2/managers/authorizationManager.go:155.85,157.24 2 1
github.com/Ulbora/GoAuth2/managers/authorizationManager.go:166.2,166.13 1 1
github.com/Ulbora/GoAuth2/managers/authorizationManager.go:157.24,165.3 7 1
github.com/Ulbora/GoAuth2/managers/clientRoleUriManager.go:36.64,43.2 5 1
github.com/Ulbora/GoAuth2/managers/clientRoleUriManager.go:46.83,49.26 3 1
github.com/Ulbora/GoAuth2/managers/clientRoleUriManager.go:55.2,55.13 1 1
github.com/Ulbora/GoAuth2/managers/clientRoleUriManager.go:49.26,54.3 4 1
github.com/Ulbora/GoAuth2/managers/clientRoleUriManager.go:59.67,65.2 5 1
github.com/Ulbora/GoAuth2/managers/grantTypeManager.go:37.78,43.2 5 1
github.com/Ulbora/GoAuth2/managers/grantTypeManager.go:45.81,48.29 3 1
github.com/Ulbora/GoAuth2/managers/grantTypeManager.go:53.2,53.12 1 1
github.com/Ulbora/GoAuth2/managers/grantTypeManager.go:48.29,49.32 1 1
github.com/Ulbora/GoAuth2/managers/grantTypeManager.go:49.32,51.4 1 1
github.com/Ulbora/GoAuth2/managers/grantTypeManager.go:57.82,60.26 3 1
github.com/Ulbora/GoAuth2/managers/grantTypeManager.go:67.2,67.13 1 1
github.com/Ulbora/GoAuth2/managers/grantTypeManager.go:60.26,66.3 5 1
github.com/Ulbora/GoAuth2/managers/grantTypeManager.go:71.61,74.2 2 1
github.com/Ulbora/GoAuth2/managers/utilities.go:34.38,37.26 3 1
github.com/Ulbora/GoAuth2/managers/utilities.go:42.2,42.13 1 1
github.com/Ulbora/GoAuth2/managers/utilities.go:37.26,41.3 3 1
github.com/Ulbora/GoAuth2/managers/utilities.go:45.69,47.37 2 1
github.com/Ulbora/GoAuth2/managers/utilities.go:56.2,56.12 1 1
github.com/Ulbora/GoAuth2/managers/utilities.go:47.37,54.3 6 1
github.com/Ulbora/GoAuth2/managers/utilities.go:59.36,62.26 3 1
github.com/Ulbora/GoAuth2/managers/utilities.go:67.2,67.13 1 1
github.com/Ulbora/GoAuth2/managers/utilities.go:62.26,66.3 3 1
github.com/Ulbora/GoAuth2/managers/utilities.go:70.39,72.37 2 1
github.com/Ulbora/GoAuth2/managers/utilities.go:82.2,82.12 1 1
github.com/Ulbora/GoAuth2/managers/utilities.go:72.37,81.3 4 1
github.com/Ulbora/GoAuth2/managers/utilities.go:85.41,87.37 2 1
github.com/Ulbora/GoAuth2/managers/utilities.go:97.2,97.12 1 1
github.com/Ulbora/GoAuth2/managers/utilities.go:87.37,96.3 4 1
github.com/Ulbora/GoAuth2/managers/clientManager.go:49.64,54.74 3 1
github.com/Ulbora/GoAuth2/managers/clientManager.go:76.2,76.16 1 1
github.com/Ulbora/GoAuth2/managers/clientManager.go:54.74,64.42 9 1
github.com/Ulbora/GoAuth2/managers/clientManager.go:71.3,74.11 3 1
github.com/Ulbora/GoAuth2/managers/clientManager.go:64.42,68.4 3 1
github.com/Ulbora/GoAuth2/managers/clientManager.go:80.58,83.25 2 1
github.com/Ulbora/GoAuth2/managers/clientManager.go:88.2,98.12 8 1
github.com/Ulbora/GoAuth2/managers/clientManager.go:83.25,85.3 1 1
github.com/Ulbora/GoAuth2/managers/clientManager.go:85.8,87.3 1 1
github.com/Ulbora/GoAuth2/managers/clientManager.go:102.52,106.21 3 1
github.com/Ulbora/GoAuth2/managers/clientManager.go:125.2,125.13 1 1
github.com/Ulbora/GoAuth2/managers/clientManager.go:106.21,116.27 10 1
github.com/Ulbora/GoAuth2/managers/clientManager.go:123.3,123.28 1 1
github.com/Ulbora/GoAuth2/managers/clientManager.go:116.27,122.4 5 1
github.com/Ulbora/GoAuth2/managers/clientManager.go:129.50,132.24 3 1
github.com/Ulbora/GoAuth2/managers/clientManager.go:136.2,136.13 1 1
github.com/Ulbora/GoAuth2/managers/clientManager.go:132.24,135.3 2 1
github.com/Ulbora/GoAuth2/managers/clientManager.go:140.67,143.24 3 1
github.com/Ulbora/GoAuth2/managers/clientManager.go:147.2,147.13 1 1
github.com/Ulbora/GoAuth2/managers/clientManager.go:143.24,146.3 2 1
github.com/Ulbora/GoAuth2/managers/clientManager.go:151.52,154.2 2 1
github.com/Ulbora/GoAuth2/managers/clientManager.go:156.42,164.2 7 1
github.com/Ulbora/GoAuth2/managers/clientRedirectUriManager.go:37.82,45.2 5 1
github.com/Ulbora/GoAuth2/managers/clientRedirectUriManager.go:48.86,51.24 3 1
github.com/Ulbora/GoAuth2/managers/clientRedirectUriManager.go:58.2,58.13 1 1
github.com/Ulbora/GoAuth2/managers/clientRedirectUriManager.go:51.24,57.3 5 1
github.com/Ulbora/GoAuth2/managers/clientRedirectUriManager.go:62.63,65.2 2 1
github.com/Ulbora/GoAuth2/managers/clientRoleManager.go:37.67,45.2 5 1
github.com/Ulbora/GoAuth2/managers/clientRoleManager.go:48.72,51.24 3 1
github.com/Ulbora/GoAuth2/managers/clientRoleManager.go:58.2,58.13 1 1
github.com/Ulbora/GoAuth2/managers/clientRoleManager.go:51.24,57.3 5 1
github.com/Ulbora/GoAuth2/managers/clientRoleManager.go:62.56,65.2 2 1
github.com/Ulbora/GoAuth2/managers/jwt.go:65.61,78.21 12 1
github.com/Ulbora/GoAuth2/managers/jwt.go:81.2,82.20 2 1
github.com/Ulbora/GoAuth2/managers/jwt.go:85.2,90.16 5 1
github.com/Ulbora/GoAuth2/managers/jwt.go:93.2,93.12 1 1
github.com/Ulbora/GoAuth2/managers/jwt.go:78.21,80.3 1 1
github.com/Ulbora/GoAuth2/managers/jwt.go:82.20,84.3 1 1
github.com/Ulbora/GoAuth2/managers/jwt.go:90.16,92.3 1 1
github.com/Ulbora/GoAuth2/managers/jwt.go:97.79,115.16 10 1
github.com/Ulbora/GoAuth2/managers/jwt.go:134.2,134.20 1 1
github.com/Ulbora/GoAuth2/managers/jwt.go:115.16,124.25 8 1
github.com/Ulbora/GoAuth2/managers/jwt.go:128.3,130.31 3 1
github.com/Ulbora/GoAuth2/managers/jwt.go:124.25,126.9 2 1
github.com/Ulbora/GoAuth2/managers/clientAllowedUriManager.go:37.80,43.2 5 1
github.com/Ulbora/GoAuth2/managers/clientAllowedUriManager.go:46.74,52.2 5 1
github.com/Ulbora/GoAuth2/managers/clientAllowedUriManager.go:55.72,62.2 6 1
github.com/Ulbora/GoAuth2/managers/clientAllowedUriManager.go:65.84,68.26 3 1
github.com/Ulbora/GoAuth2/managers/clientAllowedUriManager.go:75.2,75.13 1 1
github.com/Ulbora/GoAuth2/managers/clientAllowedUriManager.go:68.26,74.3 5 1
github.com/Ulbora/GoAuth2/managers/clientAllowedUriManager.go:79.62,82.2 2 1
github.com/Ulbora/GoAuth2/managers/refreshTokenManager.go:24.101,27.15 3 1
github.com/Ulbora/GoAuth2/managers/refreshTokenManager.go:41.2,41.14 1 1
github.com/Ulbora/GoAuth2/managers/refreshTokenManager.go:27.15,40.3 11 1
